#
# A fatal error has been detected by the Java Runtime Environment:
#
#  SIGSEGV (0xb) at pc=0x00007fff99ce0874, pid=85391, tid=0x0000000000001303
#
# JRE version: Java(TM) SE Runtime Environment (8.0_92-b14) (build 1.8.0_92-b14)
# Java VM: Java HotSpot(TM) 64-Bit Server VM (25.92-b14 mixed mode bsd-amd64 compressed oops)
# Problematic frame:
# C  [libFontRegistry.dylib+0xe874]  _ZN19TCFResurrectContext17StreamInTCFTypeIDEv+0x20
#
# Failed to write core dump. Core dumps have been disabled. To enable core dumping, try "ulimit -c unlimited" before starting Java again
#
# If you would like to submit a bug report, please visit:
#   http://bugreport.java.com/bugreport/crash.jsp
# The crash happened outside the Java Virtual Machine in native code.
# See problematic frame for where to report the bug.
#

---------------  T H R E A D  ---------------

Current thread (0x00007fd4c1812800):  JavaThread "main" [_thread_in_native, id=4867, stack(0x0000000108398000,0x0000000108498000)]

siginfo: si_signo: 11 (SIGSEGV), si_code: 1 (SEGV_MAPERR), si_addr: 0x000000012c46a000

Registers:
RAX=0x0000000000001000, RBX=0x0000000000000010, RCX=0x000000012c46a000, RDX=0x000000012c46b000
RSP=0x0000000108494fc0, RBP=0x0000000108494fc0, RSI=0x0000000000000010, RDI=0x0000000108495018
R8 =0x0000000000001503, R9 =0x0000000000000000, R10=0x0000000000000040, R11=0x0000000000000206
R12=0x00007fff7db43070, R13=0x0000000000001000, R14=0x0000000108495018, R15=0x0000000000000000
RIP=0x00007fff99ce0874, EFLAGS=0x0000000000010216, ERR=0x0000000000000004
  TRAPNO=0x000000000000000e

Top of Stack: (sp=0x0000000108494fc0)
0x0000000108494fc0:   0000000108494ff0 00007fff99ce0f25
0x0000000108494fd0:   00007fff99ce0f00 00007fd4c31294c0
0x0000000108494fe0:   000000012c46a000 0000000108495080
0x0000000108494ff0:   00000001084954b0 00007fff99cf1154
0x0000000108495000:   0000000108495048 0000000108495040
0x0000000108495010:   00000001062f8a00 00007fff7eee0c30
0x0000000108495020:   000000012c46a000 000000012c46b000
0x0000000108495030:   00007fd4c40ffc00 0000000000001400
0x0000000108495040:   0000000000001000 000000012c46a000
0x0000000108495050:   00007fff7eee66e0 00007fd4c7508e90
0x0000000108495060:   0000000000000001 0000000000000000
0x0000000108495070:   0000000000001000 00007fff7eee5bb0
0x0000000108495080:   746e6f465443534e 7441737469617254
0x0000000108495090:   0065747562697274 0000000000000000
0x00000001084950a0:   0000000000000000 0000000000000000
0x00000001084950b0:   0000000000000000 0000000000000000
0x00000001084950c0:   0000000000000000 0000000000000000
0x00000001084950d0:   0000000000000000 0000000000000000
0x00000001084950e0:   0000000000000000 0000000000000000
0x00000001084950f0:   0000000000000000 0000000000000000
0x0000000108495100:   0000000000000000 0000000000000000
0x0000000108495110:   0000000000000000 0000000000000000
0x0000000108495120:   0000000000000000 0000000000000000
0x0000000108495130:   0000000000000000 0000000000000000
0x0000000108495140:   0000000000000000 0000000000000000
0x0000000108495150:   0000000000000000 0000000000000000
0x0000000108495160:   0000000000000000 0000000000000000
0x0000000108495170:   0000000000000000 0000000000000000
0x0000000108495180:   0000000000000000 0000000000000000
0x0000000108495190:   0000000000000000 0000000000000000
0x00000001084951a0:   0000000000000000 0000000000000000
0x00000001084951b0:   0000000000000000 0000000000000000 

Instructions: (pc=0x00007fff99ce0874)
0x00007fff99ce0854:   55 48 89 e5 80 7f 18 00 75 24 48 8b 4f 08 48 85
0x00007fff99ce0864:   c9 74 1b 48 8b 47 10 48 29 c8 48 83 f8 04 72 0e
0x00007fff99ce0874:   8b 01 0f c8 48 83 c1 04 48 89 4f 08 5d c3 48 8b
0x00007fff99ce0884:   07 48 8d 35 22 3d 03 00 ff 50 10 b8 9f 86 01 00 

Register to memory mapping:

RAX=0x0000000000001000 is an unknown value
RBX=0x0000000000000010 is an unknown value
RCX=0x000000012c46a000 is an unknown value
RDX=0x000000012c46b000 is an unknown value
RSP=0x0000000108494fc0 is pointing into the stack for thread: 0x00007fd4c1812800
RBP=0x0000000108494fc0 is pointing into the stack for thread: 0x00007fd4c1812800
RSI=0x0000000000000010 is an unknown value
RDI=0x0000000108495018 is pointing into the stack for thread: 0x00007fd4c1812800
R8 =0x0000000000001503 is an unknown value
R9 =0x0000000000000000 is an unknown value
R10=0x0000000000000040 is an unknown value
R11=0x0000000000000206 is an unknown value
R12=0x00007fff7db43070: __stack_chk_guard+0 in /usr/lib/system/libsystem_c.dylib at 0x00007fff910dc000
R13=0x0000000000001000 is an unknown value
R14=0x0000000108495018 is pointing into the stack for thread: 0x00007fd4c1812800
R15=0x0000000000000000 is an unknown value


Stack: [0x0000000108398000,0x0000000108498000],  sp=0x0000000108494fc0,  free space=1011k
Native frames: (J=compiled Java code, j=interpreted, Vv=VM code, C=native code)
C  [libFontRegistry.dylib+0xe874]  _ZN19TCFResurrectContext17StreamInTCFTypeIDEv+0x20
C  [libFontRegistry.dylib+0xef25]  _ZN19TCFResurrectContext9ResurrectE7TCFType+0x25
C  [libFontRegistry.dylib+0x1f154]  _ZNK22TGlobalFontRegistryImp20CopyPropertyForFontsEPK9__CFArrayPK10__CFStringRK17TFontQueryOptions+0x1a8
C  [libFontRegistry.dylib+0x2a35]  XTCopyPropertyForFonts+0x73
C  [CoreText+0x711f]  _ZNK9TBaseFont29CreateTraitsValuesPerFontInfoEv+0x8f
C  [CoreText+0x6f91]  _ZNK9TBaseFont18CopyTraitsInternalEv+0x53
C  [CoreText+0x6b24]  _ZNK9TBaseFont13CopyAttributeEm+0x1ea
C  [CoreText+0x64fe]  _ZNK11TDescriptor13CopyAttributeEPK10__CFString+0xb0
C  [CoreText+0x6423]  CTFontDescriptorCopyAttribute+0x5a
C  [UIFoundation+0x22fb7]  -[NSCTFontDescriptor objectForKey:]+0x15
C  [UIFoundation+0x22739]  -[NSFontDescriptor symbolicTraits]+0x1d
C  [UIFoundation+0x79b3e]  -[__NSFontTypefaceInfo _postscriptName]+0x156
C  [UIFoundation+0x78ea5]  +[__NSFontTypefaceInfo typefaceInfoForPostscriptName:options:]+0x398
C  [UIFoundation+0x7e6ca]  __NSFontFactoryWithName+0x86
C  [UIFoundation+0x7e59d]  +[NSFont fontWithName:size:]+0x2c
C  [libawt_lwawt.dylib+0x206a]  +[AWTFont awtFontForName:style:]+0x26
C  [libawt_lwawt.dylib+0x24f3]  Java_sun_font_CFont_createNativeFont+0x51
J 397  sun.font.CFont.createNativeFont(Ljava/lang/String;I)J (0 bytes) @ 0x00000001086d7384 [0x00000001086d72c0+0xc4]
J 373 C1 sun.font.CFont.getWidth()I (198 bytes) @ 0x00000001086bfe7c [0x00000001086bfbe0+0x29c]
J 387 C1 sun.font.FontFamily.preferredWidth(Lsun/font/Font2D;)Z (216 bytes) @ 0x00000001086d0f34 [0x00000001086d0e20+0x114]
J 386 C1 sun.font.FontFamily.setFont(Lsun/font/Font2D;I)V (337 bytes) @ 0x00000001086ca7dc [0x00000001086c8c00+0x1bdc]
J 395 C1 sun.font.CFontManager.registerGenericFont(Lsun/font/Font2D;Z)Lsun/font/Font2D; (199 bytes) @ 0x00000001086d9b04 [0x00000001086d89a0+0x1164]
J 389 C1 sun.font.CFontManager.registerFont(Ljava/lang/String;Ljava/lang/String;)V (17 bytes) @ 0x00000001086c6774 [0x00000001086c6520+0x254]
v  ~StubRoutines::call_stub
V  [libjvm.dylib+0x2ecc9a]
V  [libjvm.dylib+0x323ea5]
V  [libjvm.dylib+0x3167bd]
C  [JavaNativeFoundation+0x4512]  JNFCallVoidMethod+0xaa
C  [libawt_lwawt.dylib+0x1e2f]  Java_sun_font_CFontManager_loadNativeFonts+0x2ba
j  sun.font.CFontManager.loadNativeFonts()V+0
j  sun.font.CFontManager.access$100(Lsun/font/CFontManager;)V+1
j  sun.font.CFontManager$3.run()Ljava/lang/Object;+14
v  ~StubRoutines::call_stub
V  [libjvm.dylib+0x2ecc9a]
V  [libjvm.dylib+0x34d430]
J 336  java.security.AccessController.doPrivileged(Ljava/security/PrivilegedAction;)Ljava/lang/Object; (0 bytes) @ 0x00000001086aec3f [0x00000001086aeb80+0xbf]
j  sun.font.CFontManager.loadFonts()V+19
j  sun.font.SunFontManager.findFont2D(Ljava/lang/String;II)Lsun/font/Font2D;+932
j  java.awt.Font.getFont2D()Lsun/font/Font2D;+86
j  java.awt.Font.access$000(Ljava/awt/Font;)Lsun/font/Font2D;+1
j  java.awt.Font$FontAccessImpl.getFont2D(Ljava/awt/Font;)Lsun/font/Font2D;+1
j  sun.font.FontUtilities.getFont2D(Ljava/awt/Font;)Lsun/font/Font2D;+4
j  sun.font.FontDesignMetrics.initMatrixAndMetrics()V+4
j  sun.font.FontDesignMetrics.<init>(Ljava/awt/Font;Ljava/awt/font/FontRenderContext;)V+62
j  sun.font.FontDesignMetrics.getMetrics(Ljava/awt/Font;Ljava/awt/font/FontRenderContext;)Lsun/font/FontDesignMetrics;+128
j  sun.swing.SwingUtilities2.getFontMetrics(Ljavax/swing/JComponent;Ljava/awt/Font;)Ljava/awt/FontMetrics;+15
j  javax.swing.JComponent.getFontMetrics(Ljava/awt/Font;)Ljava/awt/FontMetrics;+2
j  javax.swing.plaf.basic.BasicGraphicsUtils.getPreferredButtonSize(Ljavax/swing/AbstractButton;I)Ljava/awt/Dimension;+28
j  com.apple.laf.AquaButtonUI.getPreferredSize(Ljavax/swing/JComponent;)Ljava/awt/Dimension;+10
j  com.apple.laf.AquaButtonUI.getMinimumSize(Ljavax/swing/JComponent;)Ljava/awt/Dimension;+2
j  javax.swing.JComponent.getMinimumSize()Ljava/awt/Dimension;+26
j  swingPanel.SwingMainPanel.initButtons()V+75
j  swingPanel.SwingMainPanel.<init>()V+54
j  controller.MasterController.initSplaschScreen()V+32
j  controller.MasterController.<init>(Lcontroller/FrameStateManager;)V+10
j  SwingClient.<init>()V+34
j  App.main([Ljava/lang/String;)V+3
v  ~StubRoutines::call_stub
V  [libjvm.dylib+0x2ecc9a]
V  [libjvm.dylib+0x323b0e]
V  [libjvm.dylib+0x31c885]
C  [java+0x3931]  JavaMain+0x9c4
C  [libsystem_pthread.dylib+0x405a]  _pthread_body+0x83
C  [libsystem_pthread.dylib+0x3fd7]  _pthread_body+0x0
C  [libsystem_pthread.dylib+0x13ed]  thread_start+0xd
C  0x0000000000000000

Java frames: (J=compiled Java code, j=interpreted, Vv=VM code)
J 397  sun.font.CFont.createNativeFont(Ljava/lang/String;I)J (0 bytes) @ 0x00000001086d7312 [0x00000001086d72c0+0x52]
J 373 C1 sun.font.CFont.getWidth()I (198 bytes) @ 0x00000001086bfe7c [0x00000001086bfbe0+0x29c]
J 387 C1 sun.font.FontFamily.preferredWidth(Lsun/font/Font2D;)Z (216 bytes) @ 0x00000001086d0f34 [0x00000001086d0e20+0x114]
J 386 C1 sun.font.FontFamily.setFont(Lsun/font/Font2D;I)V (337 bytes) @ 0x00000001086ca7dc [0x00000001086c8c00+0x1bdc]
J 395 C1 sun.font.CFontManager.registerGenericFont(Lsun/font/Font2D;Z)Lsun/font/Font2D; (199 bytes) @ 0x00000001086d9b04 [0x00000001086d89a0+0x1164]
J 389 C1 sun.font.CFontManager.registerFont(Ljava/lang/String;Ljava/lang/String;)V (17 bytes) @ 0x00000001086c6774 [0x00000001086c6520+0x254]
v  ~StubRoutines::call_stub
j  sun.font.CFontManager.loadNativeFonts()V+0
j  sun.font.CFontManager.access$100(Lsun/font/CFontManager;)V+1
j  sun.font.CFontManager$3.run()Ljava/lang/Object;+14
v  ~StubRoutines::call_stub
J 336  java.security.AccessController.doPrivileged(Ljava/security/PrivilegedAction;)Ljava/lang/Object; (0 bytes) @ 0x00000001086aebcf [0x00000001086aeb80+0x4f]
j  sun.font.CFontManager.loadFonts()V+19
j  sun.font.SunFontManager.findFont2D(Ljava/lang/String;II)Lsun/font/Font2D;+932
j  java.awt.Font.getFont2D()Lsun/font/Font2D;+86
j  java.awt.Font.access$000(Ljava/awt/Font;)Lsun/font/Font2D;+1
j  java.awt.Font$FontAccessImpl.getFont2D(Ljava/awt/Font;)Lsun/font/Font2D;+1
j  sun.font.FontUtilities.getFont2D(Ljava/awt/Font;)Lsun/font/Font2D;+4
j  sun.font.FontDesignMetrics.initMatrixAndMetrics()V+4
j  sun.font.FontDesignMetrics.<init>(Ljava/awt/Font;Ljava/awt/font/FontRenderContext;)V+62
j  sun.font.FontDesignMetrics.getMetrics(Ljava/awt/Font;Ljava/awt/font/FontRenderContext;)Lsun/font/FontDesignMetrics;+128
j  sun.swing.SwingUtilities2.getFontMetrics(Ljavax/swing/JComponent;Ljava/awt/Font;)Ljava/awt/FontMetrics;+15
j  javax.swing.JComponent.getFontMetrics(Ljava/awt/Font;)Ljava/awt/FontMetrics;+2
j  javax.swing.plaf.basic.BasicGraphicsUtils.getPreferredButtonSize(Ljavax/swing/AbstractButton;I)Ljava/awt/Dimension;+28
j  com.apple.laf.AquaButtonUI.getPreferredSize(Ljavax/swing/JComponent;)Ljava/awt/Dimension;+10
j  com.apple.laf.AquaButtonUI.getMinimumSize(Ljavax/swing/JComponent;)Ljava/awt/Dimension;+2
j  javax.swing.JComponent.getMinimumSize()Ljava/awt/Dimension;+26
j  swingPanel.SwingMainPanel.initButtons()V+75
j  swingPanel.SwingMainPanel.<init>()V+54
j  controller.MasterController.initSplaschScreen()V+32
j  controller.MasterController.<init>(Lcontroller/FrameStateManager;)V+10
j  SwingClient.<init>()V+34
j  App.main([Ljava/lang/String;)V+3
v  ~StubRoutines::call_stub

---------------  P R O C E S S  ---------------

Java Threads: ( => current thread )
  0x00007fd4c19e6800 JavaThread "Java2D Queue Flusher" daemon [_thread_blocked, id=54279, stack(0x000000012ac26000,0x000000012ad26000)]
  0x00007fd4c5006800 JavaThread "Java2D Disposer" daemon [_thread_blocked, id=51971, stack(0x000000012aaf6000,0x000000012abf6000)]
  0x00007fd4c20a3800 JavaThread "AWT-Shutdown" [_thread_blocked, id=30739, stack(0x0000000127b3b000,0x0000000127c3b000)]
  0x00007fd4c28b7000 JavaThread "AppKit Thread" daemon [_thread_in_native, id=1811, stack(0x00007fff59126000,0x00007fff59926000)]
  0x00007fd4c4012800 JavaThread "Service Thread" daemon [_thread_blocked, id=20739, stack(0x0000000125eec000,0x0000000125fec000)]
  0x00007fd4c2001000 JavaThread "C1 CompilerThread3" daemon [_thread_blocked, id=20227, stack(0x0000000125de9000,0x0000000125ee9000)]
  0x00007fd4c400a000 JavaThread "C2 CompilerThread2" daemon [_thread_blocked, id=19715, stack(0x0000000125ce6000,0x0000000125de6000)]
  0x00007fd4c4009000 JavaThread "C2 CompilerThread1" daemon [_thread_blocked, id=19203, stack(0x0000000125be3000,0x0000000125ce3000)]
  0x00007fd4c2866000 JavaThread "C2 CompilerThread0" daemon [_thread_blocked, id=18691, stack(0x0000000125ae0000,0x0000000125be0000)]
  0x00007fd4c2857000 JavaThread "Signal Dispatcher" daemon [_thread_blocked, id=15383, stack(0x00000001259dd000,0x0000000125add000)]
  0x00007fd4c1824800 JavaThread "Finalizer" daemon [_thread_blocked, id=13571, stack(0x0000000123fb5000,0x00000001240b5000)]
  0x00007fd4c1821800 JavaThread "Reference Handler" daemon [_thread_blocked, id=13059, stack(0x0000000123eb2000,0x0000000123fb2000)]
=>0x00007fd4c1812800 JavaThread "main" [_thread_in_native, id=4867, stack(0x0000000108398000,0x0000000108498000)]

Other Threads:
  0x00007fd4c2850800 VMThread [stack: 0x0000000123daf000,0x0000000123eaf000] [id=12547]
  0x00007fd4c4013800 WatcherThread [stack: 0x0000000125fef000,0x00000001260ef000] [id=21251]

VM state:not at safepoint (normal execution)

VM Mutex/Monitor currently owned by a thread: None

Heap:
 PSYoungGen      total 76288K, used 11427K [0x000000076ab00000, 0x0000000770000000, 0x00000007c0000000)
  eden space 65536K, 17% used [0x000000076ab00000,0x000000076b628cd8,0x000000076eb00000)
  from space 10752K, 0% used [0x000000076f580000,0x000000076f580000,0x0000000770000000)
  to   space 10752K, 0% used [0x000000076eb00000,0x000000076eb00000,0x000000076f580000)
 ParOldGen       total 175104K, used 0K [0x00000006c0000000, 0x00000006cab00000, 0x000000076ab00000)
  object space 175104K, 0% used [0x00000006c0000000,0x00000006c0000000,0x00000006cab00000)
 Metaspace       used 8967K, capacity 9098K, committed 9472K, reserved 1056768K
  class space    used 1095K, capacity 1156K, committed 1280K, reserved 1048576K

Card table byte_map: [0x00000001178a0000,0x00000001180a1000] byte_map_base: 0x00000001142a0000

Marking Bits: (ParMarkBitMap*) 0x0000000107ce8bd0
 Begin Bits: [0x0000000118e0f000, 0x000000011ce0f000)
 End Bits:   [0x000000011ce0f000, 0x0000000120e0f000)

Polling page: 0x00000001063fe000

CodeCache: size=245760Kb used=2026Kb max_used=2026Kb free=243733Kb
 bounds [0x00000001084e0000, 0x0000000108750000, 0x00000001174e0000]
 total_blobs=840 nmethods=399 adapters=355
 compilation: enabled

Compilation events (10 events):
Event: 1.103 Thread 0x00007fd4c2001000  393  s    3       sun.font.CFont::getNativeFontPtr (29 bytes)
Event: 1.103 Thread 0x00007fd4c2001000 nmethod 393 0x00000001086cf9d0 code [0x00000001086cfb40, 0x00000001086cfe88]
Event: 1.108 Thread 0x00007fd4c400a000  394       4       java.lang.String::toLowerCase (439 bytes)
Event: 1.116 Thread 0x00007fd4c400a000 nmethod 394 0x00000001086d74d0 code [0x00000001086d76a0, 0x00000001086d7df8]
Event: 1.149 Thread 0x00007fd4c2001000  395       3       sun.font.CFontManager::registerGenericFont (199 bytes)
Event: 1.151 Thread 0x00007fd4c2001000 nmethod 395 0x00000001086d8650 code [0x00000001086d89a0, 0x00000001086da3c8]
Event: 1.152 Thread 0x00007fd4c2001000  396       3       sun.font.FontFamily::closerWeight (182 bytes)
Event: 1.153 Thread 0x00007fd4c2001000 nmethod 396 0x00000001086db010 code [0x00000001086db3a0, 0x00000001086dd278]
Event: 1.261 Thread 0x00007fd4c2001000  398       3       sun.font.CFont::getWeight (49 bytes)
Event: 1.261 Thread 0x00007fd4c2001000 nmethod 398 0x00000001086d68d0 code [0x00000001086d6aa0, 0x00000001086d7018]

GC Heap History (0 events):
No events

Deoptimization events (0 events):
No events

Internal exceptions (10 events):
Event: 0.082 Thread 0x00007fd4c1812800 Exception <a 'java/security/PrivilegedActionException'> (0x000000076abb8f98) thrown at [/Users/java_re/workspace/8-2-build-macosx-x86_64/jdk8u92/6642/hotspot/src/share/vm/prims/jvm.cpp, line 1386]
Event: 0.082 Thread 0x00007fd4c1812800 Exception <a 'java/security/PrivilegedActionException'> (0x000000076abb91a8) thrown at [/Users/java_re/workspace/8-2-build-macosx-x86_64/jdk8u92/6642/hotspot/src/share/vm/prims/jvm.cpp, line 1386]
Event: 0.095 Thread 0x00007fd4c1812800 Exception <a 'java/security/PrivilegedActionException'> (0x000000076abe3a38) thrown at [/Users/java_re/workspace/8-2-build-macosx-x86_64/jdk8u92/6642/hotspot/src/share/vm/prims/jvm.cpp, line 1386]
Event: 0.095 Thread 0x00007fd4c1812800 Exception <a 'java/security/PrivilegedActionException'> (0x000000076abe3e30) thrown at [/Users/java_re/workspace/8-2-build-macosx-x86_64/jdk8u92/6642/hotspot/src/share/vm/prims/jvm.cpp, line 1386]
Event: 0.095 Thread 0x00007fd4c1812800 Exception <a 'java/security/PrivilegedActionException'> (0x000000076abe74a0) thrown at [/Users/java_re/workspace/8-2-build-macosx-x86_64/jdk8u92/6642/hotspot/src/share/vm/prims/jvm.cpp, line 1386]
Event: 0.095 Thread 0x00007fd4c1812800 Exception <a 'java/security/PrivilegedActionException'> (0x000000076abe7898) thrown at [/Users/java_re/workspace/8-2-build-macosx-x86_64/jdk8u92/6642/hotspot/src/share/vm/prims/jvm.cpp, line 1386]
Event: 0.131 Thread 0x00007fd4c1812800 Exception <a 'java/lang/NoSuchFieldError': method resolution failed> (0x000000076adfdaa8) thrown at [/Users/java_re/workspace/8-2-build-macosx-x86_64/jdk8u92/6642/hotspot/src/share/vm/prims/methodHandles.cpp, line 1146]
Event: 0.133 Thread 0x00007fd4c1812800 Exception <a 'java/lang/NoSuchFieldError': method resolution failed> (0x000000076ae0b278) thrown at [/Users/java_re/workspace/8-2-build-macosx-x86_64/jdk8u92/6642/hotspot/src/share/vm/prims/methodHandles.cpp, line 1146]
Event: 0.263 Thread 0x00007fd4c1812800 Exception <a 'java/io/FileNotFoundException'> (0x000000076ae859b8) thrown at [/Users/java_re/workspace/8-2-build-macosx-x86_64/jdk8u92/6642/hotspot/src/share/vm/prims/jni.cpp, line 709]
Event: 0.264 Thread 0x00007fd4c1812800 Exception <a 'java/io/FileNotFoundException'> (0x000000076ae86500) thrown at [/Users/java_re/workspace/8-2-build-macosx-x86_64/jdk8u92/6642/hotspot/src/share/vm/prims/jni.cpp, line 709]

Events (10 events):
Event: 0.634 loading class sun/nio/cs/UTF_16$Decoder
Event: 0.634 loading class sun/nio/cs/UnicodeDecoder
Event: 0.634 loading class sun/nio/cs/UnicodeDecoder done
Event: 0.634 loading class sun/nio/cs/UTF_16$Decoder done
Event: 0.636 loading class sun/font/SunFontManager$10
Event: 0.636 loading class sun/font/SunFontManager$10 done
Event: 0.637 loading class sun/font/CFontManager$3
Event: 0.637 loading class sun/font/CFontManager$3 done
Event: 0.918 loading class sun/font/CFont
Event: 0.918 loading class sun/font/CFont done


Dynamic libraries:
0x000000000cefb000 	/System/Library/Frameworks/Cocoa.framework/Versions/A/Cocoa
0x000000000cefb000 	/System/Library/Frameworks/Security.framework/Versions/A/Security
0x000000000cefb000 	/System/Library/Frameworks/ApplicationServices.framework/Versions/A/ApplicationServices
0x000000000cefb000 	/usr/lib/libz.1.dylib
0x000000000cefb000 	/usr/lib/libSystem.B.dylib
0x000000000cefb000 	/usr/lib/libobjc.A.dylib
0x000000000cefb000 	/System/Library/Frameworks/CoreFoundation.framework/Versions/A/CoreFoundation
0x000000000cefb000 	/System/Library/Frameworks/Foundation.framework/Versions/C/Foundation
0x000000000cefb000 	/System/Library/Frameworks/AppKit.framework/Versions/C/AppKit
0x000000000cefb000 	/System/Library/Frameworks/CoreData.framework/Versions/A/CoreData
0x000000000cefb000 	/System/Library/PrivateFrameworks/RemoteViewServices.framework/Versions/A/RemoteViewServices
0x000000000cefb000 	/System/Library/PrivateFrameworks/UIFoundation.framework/Versions/A/UIFoundation
0x000000000cefb000 	/System/Library/Frameworks/IOSurface.framework/Versions/A/IOSurface
0x000000000cefb000 	/System/Library/Frameworks/AudioToolbox.framework/Versions/A/AudioToolbox
0x000000000cefb000 	/System/Library/Frameworks/AudioUnit.framework/Versions/A/AudioUnit
0x000000000cefb000 	/System/Library/PrivateFrameworks/DataDetectorsCore.framework/Versions/A/DataDetectorsCore
0x000000000cefb000 	/System/Library/PrivateFrameworks/DesktopServicesPriv.framework/Versions/A/DesktopServicesPriv
0x000000000cefb000 	/System/Library/Frameworks/Carbon.framework/Versions/A/Frameworks/HIToolbox.framework/Versions/A/HIToolbox
0x000000000cefb000 	/System/Library/Frameworks/QuartzCore.framework/Versions/A/QuartzCore
0x000000000cefb000 	/System/Library/Frameworks/Carbon.framework/Versions/A/Frameworks/SpeechRecognition.framework/Versions/A/SpeechRecognition
0x000000000cefb000 	/usr/lib/libauto.dylib
0x000000000cefb000 	/usr/lib/libicucore.A.dylib
0x000000000cefb000 	/usr/lib/libxml2.2.dylib
0x000000000cefb000 	/System/Library/PrivateFrameworks/CoreUI.framework/Versions/A/CoreUI
0x000000000cefb000 	/System/Library/Frameworks/CoreAudio.framework/Versions/A/CoreAudio
0x000000000cefb000 	/System/Library/Frameworks/DiskArbitration.framework/Versions/A/DiskArbitration
0x000000000cefb000 	/usr/lib/liblangid.dylib
0x000000000cefb000 	/System/Library/PrivateFrameworks/MultitouchSupport.framework/Versions/A/MultitouchSupport
0x000000000cefb000 	/System/Library/Frameworks/IOKit.framework/Versions/A/IOKit
0x000000000cefb000 	/usr/lib/libDiagnosticMessagesClient.dylib
0x000000000cefb000 	/System/Library/Frameworks/CoreServices.framework/Versions/A/CoreServices
0x000000000cefb000 	/System/Library/PrivateFrameworks/PerformanceAnalysis.framework/Versions/A/PerformanceAnalysis
0x000000000cefb000 	/System/Library/PrivateFrameworks/GenerationalStorage.framework/Versions/A/GenerationalStorage
0x000000000cefb000 	/System/Library/Frameworks/OpenGL.framework/Versions/A/OpenGL
0x000000000cefb000 	/System/Library/PrivateFrameworks/Sharing.framework/Versions/A/Sharing
0x000000000cefb000 	/System/Library/Frameworks/CoreGraphics.framework/Versions/A/CoreGraphics
0x000000000cefb000 	/System/Library/Frameworks/CoreText.framework/Versions/A/CoreText
0x000000000cefb000 	/System/Library/Frameworks/ImageIO.framework/Versions/A/ImageIO
0x000000000cefb000 	/usr/lib/libextension.dylib
0x000000000cefb000 	/System/Library/PrivateFrameworks/Backup.framework/Versions/A/Backup
0x000000000cefb000 	/usr/lib/libarchive.2.dylib
0x000000000cefb000 	/System/Library/Frameworks/CFNetwork.framework/Versions/A/CFNetwork
0x000000000cefb000 	/System/Library/Frameworks/SystemConfiguration.framework/Versions/A/SystemConfiguration
0x000000000cefb000 	/usr/lib/libCRFSuite.dylib
0x000000000cefb000 	/usr/lib/libc++.1.dylib
0x000000000cefb000 	/usr/lib/libc++abi.dylib
0x000000000cefb000 	/usr/lib/system/libcache.dylib
0x000000000cefb000 	/usr/lib/system/libcommonCrypto.dylib
0x000000000cefb000 	/usr/lib/system/libcompiler_rt.dylib
0x000000000cefb000 	/usr/lib/system/libcopyfile.dylib
0x000000000cefb000 	/usr/lib/system/libcorecrypto.dylib
0x000000000cefb000 	/usr/lib/system/libdispatch.dylib
0x000000000cefb000 	/usr/lib/system/libdyld.dylib
0x000000000cefb000 	/usr/lib/system/libkeymgr.dylib
0x000000000cefb000 	/usr/lib/system/liblaunch.dylib
0x000000000cefb000 	/usr/lib/system/libmacho.dylib
0x000000000cefb000 	/usr/lib/system/libquarantine.dylib
0x000000000cefb000 	/usr/lib/system/libremovefile.dylib
0x000000000cefb000 	/usr/lib/system/libsystem_asl.dylib
0x000000000cefb000 	/usr/lib/system/libsystem_blocks.dylib
0x000000000cefb000 	/usr/lib/system/libsystem_c.dylib
0x000000000cefb000 	/usr/lib/system/libsystem_configuration.dylib
0x000000000cefb000 	/usr/lib/system/libsystem_coreservices.dylib
0x000000000cefb000 	/usr/lib/system/libsystem_coretls.dylib
0x000000000cefb000 	/usr/lib/system/libsystem_dnssd.dylib
0x000000000cefb000 	/usr/lib/system/libsystem_info.dylib
0x000000000cefb000 	/usr/lib/system/libsystem_kernel.dylib
0x000000000cefb000 	/usr/lib/system/libsystem_m.dylib
0x000000000cefb000 	/usr/lib/system/libsystem_malloc.dylib
0x000000000cefb000 	/usr/lib/system/libsystem_network.dylib
0x000000000cefb000 	/usr/lib/system/libsystem_networkextension.dylib
0x000000000cefb000 	/usr/lib/system/libsystem_notify.dylib
0x000000000cefb000 	/usr/lib/system/libsystem_platform.dylib
0x000000000cefb000 	/usr/lib/system/libsystem_pthread.dylib
0x000000000cefb000 	/usr/lib/system/libsystem_sandbox.dylib
0x000000000cefb000 	/usr/lib/system/libsystem_secinit.dylib
0x000000000cefb000 	/usr/lib/system/libsystem_stats.dylib
0x000000000cefb000 	/usr/lib/system/libsystem_trace.dylib
0x000000000cefb000 	/usr/lib/system/libunc.dylib
0x000000000cefb000 	/usr/lib/system/libunwind.dylib
0x000000000cefb000 	/usr/lib/system/libxpc.dylib
0x000000000cefb000 	/usr/lib/libbz2.1.0.dylib
0x000000000cefb000 	/usr/lib/liblzma.5.dylib
0x000000000cefb000 	/usr/lib/libbsm.0.dylib
0x000000000cefb000 	/usr/lib/libsqlite3.dylib
0x000000000cefb000 	/usr/lib/system/libkxld.dylib
0x000000000cefb000 	/usr/lib/libxar.1.dylib
0x000000000cefb000 	/usr/lib/libpam.2.dylib
0x000000000cefb000 	/usr/lib/libOpenScriptingUtil.dylib
0x000000000cefb000 	/System/Library/Frameworks/CoreServices.framework/Versions/A/Frameworks/FSEvents.framework/Versions/A/FSEvents
0x000000000cefb000 	/System/Library/Frameworks/CoreServices.framework/Versions/A/Frameworks/CarbonCore.framework/Versions/A/CarbonCore
0x000000000cefb000 	/System/Library/Frameworks/CoreServices.framework/Versions/A/Frameworks/Metadata.framework/Versions/A/Metadata
0x000000000cefb000 	/System/Library/Frameworks/CoreServices.framework/Versions/A/Frameworks/OSServices.framework/Versions/A/OSServices
0x000000000cefb000 	/System/Library/Frameworks/CoreServices.framework/Versions/A/Frameworks/SearchKit.framework/Versions/A/SearchKit
0x000000000cefb000 	/System/Library/Frameworks/CoreServices.framework/Versions/A/Frameworks/AE.framework/Versions/A/AE
0x000000000cefb000 	/System/Library/Frameworks/CoreServices.framework/Versions/A/Frameworks/LaunchServices.framework/Versions/A/LaunchServices
0x000000000cefb000 	/System/Library/Frameworks/CoreServices.framework/Versions/A/Frameworks/DictionaryServices.framework/Versions/A/DictionaryServices
0x000000000cefb000 	/System/Library/Frameworks/NetFS.framework/Versions/A/NetFS
0x000000000cefb000 	/System/Library/PrivateFrameworks/NetAuth.framework/Versions/A/NetAuth
0x000000000cefb000 	/System/Library/PrivateFrameworks/login.framework/Versions/A/Frameworks/loginsupport.framework/Versions/A/loginsupport
0x000000000cefb000 	/System/Library/PrivateFrameworks/TCC.framework/Versions/A/TCC
0x000000000cefb000 	/usr/lib/libmecabra.dylib
0x000000000cefb000 	/System/Library/Frameworks/ApplicationServices.framework/Versions/A/Frameworks/ATS.framework/Versions/A/ATS
0x000000000cefb000 	/System/Library/Frameworks/ApplicationServices.framework/Versions/A/Frameworks/ColorSync.framework/Versions/A/ColorSync
0x000000000cefb000 	/System/Library/Frameworks/ApplicationServices.framework/Versions/A/Frameworks/HIServices.framework/Versions/A/HIServices
0x000000000cefb000 	/System/Library/Frameworks/ApplicationServices.framework/Versions/A/Frameworks/LangAnalysis.framework/Versions/A/LangAnalysis
0x000000000cefb000 	/System/Library/Frameworks/ApplicationServices.framework/Versions/A/Frameworks/PrintCore.framework/Versions/A/PrintCore
0x000000000cefb000 	/System/Library/Frameworks/ApplicationServices.framework/Versions/A/Frameworks/QD.framework/Versions/A/QD
0x000000000cefb000 	/System/Library/Frameworks/ApplicationServices.framework/Versions/A/Frameworks/SpeechSynthesis.framework/Versions/A/SpeechSynthesis
0x000000000cefb000 	/System/Library/Frameworks/Accelerate.framework/Versions/A/Accelerate
0x000000000cefb000 	/System/Library/Frameworks/Accelerate.framework/Versions/A/Frameworks/vImage.framework/Versions/A/vImage
0x000000000cefb000 	/System/Library/Frameworks/Accelerate.framework/Versions/A/Frameworks/vecLib.framework/Versions/A/vecLib
0x000000000cefb000 	/System/Library/Frameworks/Accelerate.framework/Versions/A/Frameworks/vecLib.framework/Versions/A/libvDSP.dylib
0x000000000cefb000 	/System/Library/Frameworks/Accelerate.framework/Versions/A/Frameworks/vecLib.framework/Versions/A/libvMisc.dylib
0x000000000cefb000 	/System/Library/Frameworks/Accelerate.framework/Versions/A/Frameworks/vecLib.framework/Versions/A/libLAPACK.dylib
0x000000000cefb000 	/System/Library/Frameworks/Accelerate.framework/Versions/A/Frameworks/vecLib.framework/Versions/A/libBLAS.dylib
0x000000000cefb000 	/System/Library/Frameworks/Accelerate.framework/Versions/A/Frameworks/vecLib.framework/Versions/A/libLinearAlgebra.dylib
0x000000000cefb000 	/System/Library/Frameworks/ApplicationServices.framework/Versions/A/Frameworks/ATS.framework/Versions/A/Resources/libFontParser.dylib
0x000000000cefb000 	/System/Library/Frameworks/ApplicationServices.framework/Versions/A/Frameworks/ATS.framework/Versions/A/Resources/libFontRegistry.dylib
0x000000000cefb000 	/System/Library/PrivateFrameworks/AppleVPA.framework/Versions/A/AppleVPA
0x000000000cefb000 	/System/Library/PrivateFrameworks/AppleJPEG.framework/Versions/A/AppleJPEG
0x000000000cefb000 	/System/Library/Frameworks/ImageIO.framework/Versions/A/Resources/libJPEG.dylib
0x000000000cefb000 	/System/Library/Frameworks/ImageIO.framework/Versions/A/Resources/libTIFF.dylib
0x000000000cefb000 	/System/Library/Frameworks/ImageIO.framework/Versions/A/Resources/libPng.dylib
0x000000000cefb000 	/System/Library/Frameworks/ImageIO.framework/Versions/A/Resources/libGIF.dylib
0x000000000cefb000 	/System/Library/Frameworks/ImageIO.framework/Versions/A/Resources/libJP2.dylib
0x000000000cefb000 	/System/Library/Frameworks/ImageIO.framework/Versions/A/Resources/libRadiance.dylib
0x000000000cefb000 	/System/Library/Frameworks/CoreVideo.framework/Versions/A/CoreVideo
0x000000000cefb000 	/System/Library/Frameworks/OpenGL.framework/Versions/A/Libraries/libGLU.dylib
0x000000000cefb000 	/System/Library/Frameworks/OpenGL.framework/Versions/A/Libraries/libGFXShared.dylib
0x000000000cefb000 	/System/Library/Frameworks/OpenGL.framework/Versions/A/Libraries/libGL.dylib
0x000000000cefb000 	/System/Library/Frameworks/OpenGL.framework/Versions/A/Libraries/libGLImage.dylib
0x000000000cefb000 	/System/Library/Frameworks/OpenGL.framework/Versions/A/Libraries/libCVMSPluginSupport.dylib
0x000000000cefb000 	/System/Library/Frameworks/OpenGL.framework/Versions/A/Libraries/libCoreVMClient.dylib
0x000000000cefb000 	/usr/lib/libcups.2.dylib
0x000000000cefb000 	/System/Library/Frameworks/Kerberos.framework/Versions/A/Kerberos
0x000000000cefb000 	/System/Library/Frameworks/GSS.framework/Versions/A/GSS
0x000000000cefb000 	/usr/lib/libresolv.9.dylib
0x000000000cefb000 	/usr/lib/libiconv.2.dylib
0x000000000cefb000 	/System/Library/PrivateFrameworks/Heimdal.framework/Versions/A/Heimdal
0x000000000cefb000 	/usr/lib/libheimdal-asn1.dylib
0x000000000cefb000 	/System/Library/Frameworks/OpenDirectory.framework/Versions/A/OpenDirectory
0x000000000cefb000 	/System/Library/PrivateFrameworks/CommonAuth.framework/Versions/A/CommonAuth
0x000000000cefb000 	/System/Library/Frameworks/OpenDirectory.framework/Versions/A/Frameworks/CFOpenDirectory.framework/Versions/A/CFOpenDirectory
0x000000000cefb000 	/System/Library/Frameworks/SecurityFoundation.framework/Versions/A/SecurityFoundation
0x000000000cefb000 	/System/Library/PrivateFrameworks/LanguageModeling.framework/Versions/A/LanguageModeling
0x000000000cefb000 	/usr/lib/libcmph.dylib
0x000000000cefb000 	/System/Library/Frameworks/ServiceManagement.framework/Versions/A/ServiceManagement
0x000000000cefb000 	/usr/lib/libxslt.1.dylib
0x000000000cefb000 	/System/Library/Frameworks/Carbon.framework/Versions/A/Frameworks/Ink.framework/Versions/A/Ink
0x000000000cefb000 	/System/Library/Frameworks/QuartzCore.framework/Versions/A/Frameworks/CoreImage.framework/Versions/A/CoreImage
0x000000000cefb000 	/System/Library/PrivateFrameworks/CrashReporterSupport.framework/Versions/A/CrashReporterSupport
0x000000000cefb000 	/System/Library/Frameworks/OpenCL.framework/Versions/A/OpenCL
0x000000000cefb000 	/System/Library/PrivateFrameworks/FaceCore.framework/Versions/A/FaceCore
0x000000000cefb000 	/System/Library/PrivateFrameworks/Ubiquity.framework/Versions/A/Ubiquity
0x000000000cefb000 	/System/Library/PrivateFrameworks/IconServices.framework/Versions/A/IconServices
0x000000000cefb000 	/System/Library/PrivateFrameworks/ChunkingLibrary.framework/Versions/A/ChunkingLibrary
0x000000000cefb000 	/System/Library/PrivateFrameworks/Apple80211.framework/Versions/A/Apple80211
0x000000000cefb000 	/System/Library/Frameworks/CoreWLAN.framework/Versions/A/CoreWLAN
0x000000000cefb000 	/System/Library/Frameworks/IOBluetooth.framework/Versions/A/IOBluetooth
0x000000000cefb000 	/System/Library/PrivateFrameworks/CoreWiFi.framework/Versions/A/CoreWiFi
0x000000000cefb000 	/System/Library/Frameworks/CoreBluetooth.framework/Versions/A/CoreBluetooth
0x000000000cefb000 	/System/Library/PrivateFrameworks/DebugSymbols.framework/Versions/A/DebugSymbols
0x000000000cefb000 	/System/Library/PrivateFrameworks/CoreSymbolication.framework/Versions/A/CoreSymbolication
0x000000000cefb000 	/System/Library/PrivateFrameworks/Symbolication.framework/Versions/A/Symbolication
0x000000000cefb000 	/System/Library/PrivateFrameworks/SpeechRecognitionCore.framework/Versions/A/SpeechRecognitionCore
0x0000000107400000 	/Library/Java/JavaVirtualMachines/jdk1.8.0_92.jdk/Contents/Home/jre/lib/server/libjvm.dylib
0x000000000cefb000 	/usr/lib/libstdc++.6.dylib
0x00000001063f0000 	/Library/Java/JavaVirtualMachines/jdk1.8.0_92.jdk/Contents/Home/jre/lib/libverify.dylib
0x000000010849a000 	/Library/Java/JavaVirtualMachines/jdk1.8.0_92.jdk/Contents/Home/jre/lib/libjava.dylib
0x00000001084d7000 	/Library/Java/JavaVirtualMachines/jdk1.8.0_92.jdk/Contents/Home/jre/lib/libzip.dylib
0x00000001240b7000 	/System/Library/Frameworks/JavaVM.framework/Frameworks/JavaRuntimeSupport.framework/JavaRuntimeSupport
0x00000001240d2000 	/System/Library/Frameworks/JavaVM.framework/Versions/A/Frameworks/JavaNativeFoundation.framework/Versions/A/JavaNativeFoundation
0x00000001240e7000 	/System/Library/Frameworks/JavaVM.framework/Versions/A/JavaVM
0x000000000cefb000 	/System/Library/Frameworks/Carbon.framework/Versions/A/Carbon
0x00000001240f4000 	/System/Library/PrivateFrameworks/JavaLaunching.framework/Versions/A/JavaLaunching
0x000000000cefb000 	/System/Library/Frameworks/Carbon.framework/Versions/A/Frameworks/CommonPanels.framework/Versions/A/CommonPanels
0x000000000cefb000 	/System/Library/Frameworks/Carbon.framework/Versions/A/Frameworks/Help.framework/Versions/A/Help
0x000000000cefb000 	/System/Library/Frameworks/Carbon.framework/Versions/A/Frameworks/ImageCapture.framework/Versions/A/ImageCapture
0x000000000cefb000 	/System/Library/Frameworks/Carbon.framework/Versions/A/Frameworks/OpenScripting.framework/Versions/A/OpenScripting
0x000000000cefb000 	/System/Library/Frameworks/Carbon.framework/Versions/A/Frameworks/Print.framework/Versions/A/Print
0x000000000cefb000 	/System/Library/Frameworks/Carbon.framework/Versions/A/Frameworks/SecurityHI.framework/Versions/A/SecurityHI
0x000000012612d000 	/Library/Java/JavaVirtualMachines/jdk1.8.0_92.jdk/Contents/Home/jre/lib/libawt.dylib
0x00000001261d5000 	/Library/Java/JavaVirtualMachines/jdk1.8.0_92.jdk/Contents/Home/jre/lib/./libmlib_image.dylib
0x00000001262a1000 	/Library/Java/JavaVirtualMachines/jdk1.8.0_92.jdk/Contents/Home/jre/lib/libawt_lwawt.dylib
0x0000000126356000 	/Library/Java/JavaVirtualMachines/jdk1.8.0_92.jdk/Contents/Home/jre/lib/./libosxapp.dylib
0x000000000cefb000 	/System/Library/Frameworks/ExceptionHandling.framework/Versions/A/ExceptionHandling
0x000000000cefb000 	/System/Library/PrivateFrameworks/CoreServicesInternal.framework/Versions/A/CoreServicesInternal
0x000000000cefb000 	/System/Library/PrivateFrameworks/CloudDocs.framework/Versions/A/CloudDocs
0x000000000cefb000 	/System/Library/PrivateFrameworks/CoreDuet.framework/Versions/A/CoreDuet
0x000000000cefb000 	/System/Library/Frameworks/CloudKit.framework/Versions/A/CloudKit
0x000000000cefb000 	/System/Library/PrivateFrameworks/ProtocolBuffer.framework/Versions/A/ProtocolBuffer
0x000000000cefb000 	/System/Library/PrivateFrameworks/CoreDuetDaemonProtocol.framework/Versions/A/CoreDuetDaemonProtocol
0x000000000cefb000 	/System/Library/PrivateFrameworks/CoreDuetDebugLogging.framework/Versions/A/CoreDuetDebugLogging
0x000000000cefb000 	/System/Library/PrivateFrameworks/MMCS.framework/Versions/A/MMCS
0x000000000cefb000 	/System/Library/Frameworks/CoreLocation.framework/Versions/A/CoreLocation
0x000000000cefb000 	/System/Library/PrivateFrameworks/ProtectedCloudStorage.framework/Versions/A/ProtectedCloudStorage
0x000000000cefb000 	/System/Library/PrivateFrameworks/GeoServices.framework/Versions/A/GeoServices
0x000000000cefb000 	/System/Library/Frameworks/CoreGraphics.framework/Versions/A/Resources/libCGCMS.A.dylib
0x000000000cefb000 	/System/Library/Frameworks/CoreGraphics.framework/Versions/A/Resources/libRIP.A.dylib
0x000000000cefb000 	/System/Library/Frameworks/CoreGraphics.framework/Versions/A/Resources/libCGXType.A.dylib
0x000000000cefb000 	/System/Library/Frameworks/OpenCL.framework/Versions/A/Libraries/libcldcpuengine.dylib
0x000000000cefb000 	/System/Library/PrivateFrameworks/DiskImages.framework/Versions/A/DiskImages
0x000000000cefb000 	/System/Library/Frameworks/DiscRecording.framework/Versions/A/DiscRecording
0x000000000cefb000 	/usr/lib/libcsfde.dylib
0x000000000cefb000 	/usr/lib/libcurl.4.dylib
0x000000000cefb000 	/System/Library/PrivateFrameworks/MediaKit.framework/Versions/A/MediaKit
0x000000000cefb000 	/usr/lib/libCoreStorage.dylib
0x000000000cefb000 	/System/Library/PrivateFrameworks/EFILogin.framework/Versions/A/EFILogin
0x000000000cefb000 	/usr/lib/libutil.dylib
0x000000000cefb000 	/System/Library/PrivateFrameworks/FindMyDevice.framework/Versions/A/FindMyDevice
0x000000000cefb000 	/System/Library/Frameworks/LDAP.framework/Versions/A/LDAP
0x000000000cefb000 	/usr/lib/libsasl2.2.dylib
0x000000000cefb000 	/System/Library/PrivateFrameworks/CoreDaemon.framework/Versions/B/CoreDaemon
0x000000000cefb000 	/usr/lib/libcrypto.0.9.8.dylib
0x000000000cefb000 	/System/Library/PrivateFrameworks/AppleSRP.framework/Versions/A/AppleSRP
0x000000000cefb000 	/System/Library/PrivateFrameworks/TrustEvaluationAgent.framework/Versions/A/TrustEvaluationAgent
0x000000012969b000 	cl_kernels
0x000000012969d000 	/System/Library/Frameworks/OpenCL.framework/Versions/A/Libraries/ImageFormats/unorm8_bgra.dylib
0x000000012968d000 	cl_kernels
0x000000000cefb000 	/System/Library/PrivateFrameworks/FamilyControls.framework/Versions/A/FamilyControls
0x000000000cefb000 	/System/Library/PrivateFrameworks/CommerceKit.framework/Versions/A/Frameworks/CommerceCore.framework/Versions/A/CommerceCore
0x000000000cefb000 	/System/Library/PrivateFrameworks/SystemAdministration.framework/Versions/A/SystemAdministration
0x000000000cefb000 	/System/Library/PrivateFrameworks/AppContainer.framework/Versions/A/AppContainer
0x000000000cefb000 	/System/Library/PrivateFrameworks/SecCodeWrapper.framework/Versions/A/SecCodeWrapper
0x000000000cefb000 	/System/Library/Frameworks/DirectoryService.framework/Versions/A/DirectoryService
0x000000000cefb000 	/System/Library/PrivateFrameworks/LoginUIKit.framework/Versions/A/Frameworks/LoginUICore.framework/Versions/A/LoginUICore
0x000000000cefb000 	/usr/lib/libodfde.dylib
0x000000012abf8000 	/Library/Java/JavaVirtualMachines/jdk1.8.0_92.jdk/Contents/Home/jre/lib/libjpeg.dylib
0x000000000cefb000 	/System/Library/Frameworks/OpenGL.framework/Versions/A/Resources/GLEngine.bundle/GLEngine
0x000000000cefb000 	/System/Library/Frameworks/OpenGL.framework/Versions/A/Libraries/libGLProgrammability.dylib
0x000000012ad28000 	/System/Library/Extensions/AppleIntelHD4000GraphicsGLDriver.bundle/Contents/MacOS/AppleIntelHD4000GraphicsGLDriver
0x000000000cefb000 	/System/Library/PrivateFrameworks/IOAccelerator.framework/Versions/A/IOAccelerator
0x000000000cefb000 	/System/Library/PrivateFrameworks/GPUSupport.framework/Versions/A/Libraries/libGPUSupportMercury.dylib
0x0000000000000000 	/System/Library/Extensions/GeForceGLDriver.bundle/Contents/MacOS/GeForceGLDriver
0x000000000cefb000 	/System/Library/Extensions/GeForceGLDriver.bundle/Contents/MacOS/libclh.dylib
0x000000000cefb000 	/System/Library/Frameworks/OpenGL.framework/Versions/A/Resources/GLRendererFloat.bundle/GLRendererFloat
0x000000012c061000 	/Library/Java/JavaVirtualMachines/jdk1.8.0_92.jdk/Contents/Home/jre/lib/libfontmanager.dylib
0x000000012c0c8000 	/Library/Java/JavaVirtualMachines/jdk1.8.0_92.jdk/Contents/Home/jre/lib/libosxui.dylib
0x000000012ccbe000 	/Library/Java/JavaVirtualMachines/jdk1.8.0_92.jdk/Contents/Home/jre/lib/libnet.dylib
0x000000012ceff000 	/Library/Java/JavaVirtualMachines/jdk1.8.0_92.jdk/Contents/Home/jre/lib/libnio.dylib
0x000000000cefb000 	/System/Library/Frameworks/ApplicationServices.framework/Versions/A/Frameworks/ATS.framework/Versions/A/Resources/libTrueTypeScaler.dylib

VM Arguments:
jvm_args: -Dfile.encoding=UTF-8 
java_command: App
java_class_path (initial): /Users/nadina/Documents/workspace_neon/FileManager/target:/Users/nadina/Documents/workspace_neon/FileManager/commons-io-2.4.jar
Launcher Type: SUN_STANDARD

Environment Variables:
PATH=/usr/bin:/bin:/usr/sbin:/sbin
SHELL=/bin/bash

Signal Handlers:
SIGSEGV: [libjvm.dylib+0x5aa779], sa_mask[0]=11111111011111110111111111111111, sa_flags=SA_ONSTACK|SA_RESTART|SA_SIGINFO
SIGBUS: [libjvm.dylib+0x5aa779], sa_mask[0]=11111111011111110111111111111111, sa_flags=SA_RESTART|SA_SIGINFO
SIGFPE: [libjvm.dylib+0x4831d0], sa_mask[0]=11111111011111110111111111111111, sa_flags=SA_RESTART|SA_SIGINFO
SIGPIPE: [libjvm.dylib+0x4831d0], sa_mask[0]=11111111011111110111111111111111, sa_flags=SA_RESTART|SA_SIGINFO
SIGXFSZ: [libjvm.dylib+0x4831d0], sa_mask[0]=11111111011111110111111111111111, sa_flags=SA_RESTART|SA_SIGINFO
SIGILL: [libjvm.dylib+0x4831d0], sa_mask[0]=11111111011111110111111111111111, sa_flags=SA_RESTART|SA_SIGINFO
SIGUSR1: SIG_DFL, sa_mask[0]=00000000000000000000000000000000, sa_flags=none
SIGUSR2: [libjvm.dylib+0x482cee], sa_mask[0]=00100000000000000000000000000000, sa_flags=SA_RESTART|SA_SIGINFO
SIGHUP: [libjvm.dylib+0x4812c5], sa_mask[0]=11111111011111110111111111111111, sa_flags=SA_RESTART|SA_SIGINFO
SIGINT: [libjvm.dylib+0x4812c5], sa_mask[0]=11111111011111110111111111111111, sa_flags=SA_RESTART|SA_SIGINFO
SIGTERM: [libjvm.dylib+0x4812c5], sa_mask[0]=11111111011111110111111111111111, sa_flags=SA_RESTART|SA_SIGINFO
SIGQUIT: [libjvm.dylib+0x4812c5], sa_mask[0]=11111111011111110111111111111111, sa_flags=SA_RESTART|SA_SIGINFO


---------------  S Y S T E M  ---------------

OS:Bsduname:Darwin 14.5.0 Darwin Kernel Version 14.5.0: Thu Apr 21 20:40:54 PDT 2016; root:xnu-2782.50.3~1/RELEASE_X86_64 x86_64
rlimit: STACK 8192k, CORE 0k, NPROC 709, NOFILE 10240, AS infinity
load average:1.87 1.98 2.07

CPU:total 8 (4 cores per cpu, 2 threads per core) family 6 model 58 stepping 9, cmov, cx8, fxsr, mmx, sse, sse2, sse3, ssse3, sse4.1, sse4.2, popcnt, avx, aes, clmul, erms, ht, tsc, tscinvbit, tscinv

Memory: 4k page, physical 16777216k(374392k free)

/proc/meminfo:


vm_info: Java HotSpot(TM) 64-Bit Server VM (25.92-b14) for bsd-amd64 JRE (1.8.0_92-b14), built on Mar 31 2016 21:23:14 by "java_re" with gcc 4.2.1 (Based on Apple Inc. build 5658) (LLVM build 2336.11.00)

time: Mon Jan  9 00:07:17 2017
elapsed time: 1 seconds (0d 0h 0m 1s)

