#
# A fatal error has been detected by the Java Runtime Environment:
#
#  EXCEPTION_ACCESS_VIOLATION (0xc0000005) at pc=0x000000006ee76520, pid=10596, tid=0x0000000000002a2c
#
# JRE version: Java(TM) SE Runtime Environment (8.0_131-b11) (build 1.8.0_131-b11)
# Java VM: Java HotSpot(TM) 64-Bit Server VM (25.131-b11 mixed mode windows-amd64 compressed oops)
# Problematic frame:
# C  [xuggle4523674112190865162.dll+0x736520]
#
# Failed to write core dump. Minidumps are not enabled by default on client versions of Windows
#
# If you would like to submit a bug report, please visit:
#   http://bugreport.java.com/bugreport/crash.jsp
# The crash happened outside the Java Virtual Machine in native code.
# See problematic frame for where to report the bug.
#

---------------  T H R E A D  ---------------

Current thread (0x000000002858d800):  JavaThread "Thread-3" [_thread_in_native, id=10796, stack(0x000000002cb20000,0x000000002cc20000)]

siginfo: ExceptionCode=0xc0000005, reading address 0xffffffffffffffff

Registers:
RAX=0x000000002a4cf8d0, RBX=0x000000002a9a0120, RCX=0x000000002a4cf8d0, RDX=0x0000000000000009
RSP=0x000000002cc1dd10, RBP=0x000000002a4cf010, RSI=0x000000002a4d08d0, RDI=0x0000000000000004
R8 =0x000000006ee77580, R9 =0x000000006ee76490, R10=0x000000002a529230, R11=0x000000002a59b420
R12=0x000000002a59bc20, R13=0x0000000000000004, R14=0x0000000000000184, R15=0x000000006fab8f20
RIP=0x000000006ee76520, EFLAGS=0x0000000000010202

Top of Stack: (sp=0x000000002cc1dd10)
0x000000002cc1dd10:   000000006ee76665 000000006ee774c5
0x000000002cc1dd20:   000000006ee77505 000000006ee77545
0x000000002cc1dd30:   000000006ee77585 000000006ee79426
0x000000002cc1dd40:   000000006fa67a80 000000002a4cf8d0
0x000000002cc1dd50:   000000002a9a25e0 0000000000001ba8
0x000000002cc1dd60:   3fe0000000000000 0000000000000000
0x000000002cc1dd70:   40c7760000000000 0000000000000000
0x000000002cc1dd80:   3fe0000000000000 0000000000000001
0x000000002cc1dd90:   000000002a9a35e0 000000006ea45d24
0x000000002cc1dda0:   3f40624dd2f1a9fc 0000000000000000
0x000000002cc1ddb0:   00000000e2c83afa 0000000000000000
0x000000002cc1ddc0:   000000000000000a 0000000000000000
0x000000002cc1ddd0:   000000002a9ac4e0 000000006fab7320
0x000000002cc1dde0:   0000000002000002 000000002a9a0080
0x000000002cc1ddf0:   0000000000000001 000000002a4cf010
0x000000002cc1de00:   000000002a4cf090 0000000000000000 

Instructions: (pc=0x000000006ee76520)
0x000000006ee76500:   c4 e3 5d 0c c0 55 c5 e4 5c c8 c5 e4 58 c0 c5 fc
0x000000006ee76510:   29 01 c5 fc 29 49 20 c3 0f 1f 84 00 00 00 00 00
0x000000006ee76520:   c5 fc 28 51 40 c5 fc 28 59 60 c5 ec 5c fb c5 ec
0x000000006ee76530:   58 d3 c5 c4 57 3d 26 41 84 00 c5 ec c6 df be c5 


Register to memory mapping:

RAX=0x000000002a4cf8d0 is an unknown value
RBX=0x000000002a9a0120 is an unknown value
RCX=0x000000002a4cf8d0 is an unknown value
RDX=0x0000000000000009 is an unknown value
RSP=0x000000002cc1dd10 is pointing into the stack for thread: 0x000000002858d800
RBP=0x000000002a4cf010 is an unknown value
RSI=0x000000002a4d08d0 is an unknown value
RDI=0x0000000000000004 is an unknown value
R8 =0x000000006ee77580 is an unknown value
R9 =0x000000006ee76490 is an unknown value
R10=0x000000002a529230 is an unknown value
R11=0x000000002a59b420 is an unknown value
R12=0x000000002a59bc20 is an unknown value
R13=0x0000000000000004 is an unknown value
R14=0x0000000000000184 is an unknown value
R15=0x000000006fab8f20 is an unknown value


Stack: [0x000000002cb20000,0x000000002cc20000],  sp=0x000000002cc1dd10,  free space=1015k
Native frames: (J=compiled Java code, j=interpreted, Vv=VM code, C=native code)
C  [xuggle4523674112190865162.dll+0x736520]

Java frames: (J=compiled Java code, j=interpreted, Vv=VM code)
j  com.xuggle.xuggler.XugglerJNI.IContainer_open__SWIG_0(JLcom/xuggle/xuggler/IContainer;Ljava/lang/String;IJLcom/xuggle/xuggler/IContainerFormat;)I+0
j  com.xuggle.xuggler.IContainer.open(Ljava/lang/String;Lcom/xuggle/xuggler/IContainer$Type;Lcom/xuggle/xuggler/IContainerFormat;)I+15
j  gui.StatFrame.time()V+113
j  gui.StatFrame.<init>(Lmodel/InfoModel;)V+107
j  controller.MainController$5.run()V+17
j  java.lang.Thread.run()V+11
v  ~StubRoutines::call_stub

---------------  P R O C E S S  ---------------

Java Threads: ( => current thread )
=>0x000000002858d800 JavaThread "Thread-3" [_thread_in_native, id=10796, stack(0x000000002cb20000,0x000000002cc20000)]
  0x00000000023ad800 JavaThread "DestroyJavaVM" [_thread_blocked, id=22044, stack(0x00000000023f0000,0x00000000024f0000)]
  0x00000000286ab800 JavaThread "AWT-EventQueue-0" [_thread_blocked, id=27480, stack(0x000000002b170000,0x000000002b270000)]
  0x00000000285e7000 JavaThread "AWT-Windows" daemon [_thread_in_native, id=27016, stack(0x0000000028fe0000,0x00000000290e0000)]
  0x0000000028669800 JavaThread "AWT-Shutdown" [_thread_blocked, id=4844, stack(0x0000000028e50000,0x0000000028f50000)]
  0x00000000285cc000 JavaThread "Java2D Disposer" daemon [_thread_blocked, id=11780, stack(0x0000000028d50000,0x0000000028e50000)]
  0x000000002746c000 JavaThread "Service Thread" daemon [_thread_blocked, id=19964, stack(0x0000000027f90000,0x0000000028090000)]
  0x00000000273df800 JavaThread "C1 CompilerThread3" daemon [_thread_blocked, id=24616, stack(0x0000000027e90000,0x0000000027f90000)]
  0x00000000273cf800 JavaThread "C2 CompilerThread2" daemon [_thread_blocked, id=13104, stack(0x0000000027d90000,0x0000000027e90000)]
  0x00000000273cb800 JavaThread "C2 CompilerThread1" daemon [_thread_blocked, id=23316, stack(0x0000000027c90000,0x0000000027d90000)]
  0x00000000273c9000 JavaThread "C2 CompilerThread0" daemon [_thread_blocked, id=26716, stack(0x0000000027b90000,0x0000000027c90000)]
  0x00000000273c7800 JavaThread "Attach Listener" daemon [_thread_blocked, id=27160, stack(0x0000000027a90000,0x0000000027b90000)]
  0x00000000273c6000 JavaThread "Signal Dispatcher" daemon [_thread_blocked, id=26876, stack(0x0000000027990000,0x0000000027a90000)]
  0x00000000273c0800 JavaThread "Finalizer" daemon [_thread_blocked, id=20100, stack(0x00000000277a0000,0x00000000278a0000)]
  0x00000000025e7000 JavaThread "Reference Handler" daemon [_thread_blocked, id=27552, stack(0x00000000272a0000,0x00000000273a0000)]

Other Threads:
  0x00000000254b9000 VMThread [stack: 0x00000000271a0000,0x00000000272a0000] [id=27308]
  0x000000002748a800 WatcherThread [stack: 0x0000000028090000,0x0000000028190000] [id=27532]

VM state:not at safepoint (normal execution)

VM Mutex/Monitor currently owned by a thread: None

Heap:
 PSYoungGen      total 152576K, used 64745K [0x0000000716400000, 0x0000000720e00000, 0x00000007c0000000)
  eden space 131072K, 33% used [0x0000000716400000,0x0000000718e421d8,0x000000071e400000)
  from space 21504K, 99% used [0x000000071e400000,0x000000071f8f8238,0x000000071f900000)
  to   space 21504K, 0% used [0x000000071f900000,0x000000071f900000,0x0000000720e00000)
 ParOldGen       total 348160K, used 47147K [0x00000005c2c00000, 0x00000005d8000000, 0x0000000716400000)
  object space 348160K, 13% used [0x00000005c2c00000,0x00000005c5a0ac28,0x00000005d8000000)
 Metaspace       used 15211K, capacity 15548K, committed 15872K, reserved 1062912K
  class space    used 1856K, capacity 1949K, committed 2048K, reserved 1048576K

Card table byte_map: [0x00000000119b0000,0x00000000129a0000] byte_map_base: 0x000000000eb9a000

Marking Bits: (ParMarkBitMap*) 0x000000006e0cc720
 Begin Bits: [0x0000000013c40000, 0x000000001bb90000)
 End Bits:   [0x000000001bb90000, 0x0000000023ae0000)

Polling page: 0x0000000000c20000

CodeCache: size=245760Kb used=6453Kb max_used=6463Kb free=239306Kb
 bounds [0x00000000025f0000, 0x0000000002c50000, 0x00000000115f0000]
 total_blobs=2432 nmethods=1869 adapters=474
 compilation: enabled

Compilation events (10 events):
Event: 32.916 Thread 0x00000000273df800 1865       3       java.util.concurrent.atomic.AtomicInteger::<init> (5 bytes)
Event: 32.916 Thread 0x00000000273df800 nmethod 1865 0x0000000002c3fb10 code [0x0000000002c3fc80, 0x0000000002c3fe90]
Event: 32.916 Thread 0x00000000273df800 1866       3       java.util.concurrent.atomic.AtomicInteger::set (6 bytes)
Event: 32.917 Thread 0x00000000273df800 nmethod 1866 0x0000000002c3f810 code [0x0000000002c3f960, 0x0000000002c3fab0]
Event: 33.313 Thread 0x00000000273df800 1867       3       java.util.concurrent.atomic.AtomicInteger::decrementAndGet (14 bytes)
Event: 33.313 Thread 0x00000000273df800 nmethod 1867 0x0000000002c3f510 code [0x0000000002c3f660, 0x0000000002c3f7b0]
Event: 35.471 Thread 0x00000000273cf800 1868       4       java.lang.Thread::isInterrupted (6 bytes)
Event: 35.471 Thread 0x00000000273cf800 nmethod 1868 0x0000000002c3f290 code [0x0000000002c3f3e0, 0x0000000002c3f488]
Event: 38.090 Thread 0x00000000273df800 1869       3       java.util.concurrent.atomic.AtomicLong::get (5 bytes)
Event: 38.090 Thread 0x00000000273df800 nmethod 1869 0x0000000002c3ef90 code [0x0000000002c3f0e0, 0x0000000002c3f230]

GC Heap History (2 events):
Event: 23.644 GC heap before
{Heap before GC invocations=1 (full 0):
 PSYoungGen      total 152576K, used 131072K [0x0000000716400000, 0x0000000720e00000, 0x00000007c0000000)
  eden space 131072K, 100% used [0x0000000716400000,0x000000071e400000,0x000000071e400000)
  from space 21504K, 0% used [0x000000071f900000,0x000000071f900000,0x0000000720e00000)
  to   space 21504K, 0% used [0x000000071e400000,0x000000071e400000,0x000000071f900000)
 ParOldGen       total 348160K, used 0K [0x00000005c2c00000, 0x00000005d8000000, 0x0000000716400000)
  object space 348160K, 0% used [0x00000005c2c00000,0x00000005c2c00000,0x00000005d8000000)
 Metaspace       used 13224K, capacity 13564K, committed 13824K, reserved 1060864K
  class space    used 1662K, capacity 1757K, committed 1792K, reserved 1048576K
Event: 23.659 GC heap after
Heap after GC invocations=1 (full 0):
 PSYoungGen      total 152576K, used 21472K [0x0000000716400000, 0x0000000720e00000, 0x00000007c0000000)
  eden space 131072K, 0% used [0x0000000716400000,0x0000000716400000,0x000000071e400000)
  from space 21504K, 99% used [0x000000071e400000,0x000000071f8f8238,0x000000071f900000)
  to   space 21504K, 0% used [0x000000071f900000,0x000000071f900000,0x0000000720e00000)
 ParOldGen       total 348160K, used 47147K [0x00000005c2c00000, 0x00000005d8000000, 0x0000000716400000)
  object space 348160K, 13% used [0x00000005c2c00000,0x00000005c5a0ac28,0x00000005d8000000)
 Metaspace       used 13224K, capacity 13564K, committed 13824K, reserved 1060864K
  class space    used 1662K, capacity 1757K, committed 1792K, reserved 1048576K
}

Deoptimization events (10 events):
Event: 28.238 Thread 0x000000002858d800 Uncommon trap: reason=unstable_if action=reinterpret pc=0x0000000002a681a0 method=java.io.WinNTFileSystem.normalize(Ljava/lang/String;II)Ljava/lang/String; @ 90
Event: 28.251 Thread 0x000000002858d800 Uncommon trap: reason=unstable_if action=reinterpret pc=0x0000000002a7da6c method=java.io.WinNTFileSystem.normalize(Ljava/lang/String;)Ljava/lang/String; @ 128
Event: 28.275 Thread 0x000000002858d800 Uncommon trap: reason=bimorphic action=maybe_recompile pc=0x000000000282bd74 method=java.util.HashMap.putVal(ILjava/lang/Object;Ljava/lang/Object;ZZ)Ljava/lang/Object; @ 91
Event: 28.275 Thread 0x000000002858d800 Uncommon trap: reason=bimorphic action=maybe_recompile pc=0x000000000282bd74 method=java.util.HashMap.putVal(ILjava/lang/Object;Ljava/lang/Object;ZZ)Ljava/lang/Object; @ 91
Event: 28.275 Thread 0x000000002858d800 Uncommon trap: reason=bimorphic action=maybe_recompile pc=0x000000000282bd74 method=java.util.HashMap.putVal(ILjava/lang/Object;Ljava/lang/Object;ZZ)Ljava/lang/Object; @ 91
Event: 28.275 Thread 0x000000002858d800 Uncommon trap: reason=bimorphic action=maybe_recompile pc=0x000000000282bd74 method=java.util.HashMap.putVal(ILjava/lang/Object;Ljava/lang/Object;ZZ)Ljava/lang/Object; @ 91
Event: 28.313 Thread 0x000000002858d800 Uncommon trap: reason=class_check action=maybe_recompile pc=0x0000000002830f10 method=java.util.HashMap.putVal(ILjava/lang/Object;Ljava/lang/Object;ZZ)Ljava/lang/Object; @ 253
Event: 28.313 Thread 0x000000002858d800 Uncommon trap: reason=class_check action=maybe_recompile pc=0x0000000002830f10 method=java.util.HashMap.putVal(ILjava/lang/Object;Ljava/lang/Object;ZZ)Ljava/lang/Object; @ 253
Event: 28.373 Thread 0x000000002858d800 Uncommon trap: reason=unstable_if action=reinterpret pc=0x0000000002a873d8 method=java.io.File.getName()Ljava/lang/String; @ 16
Event: 29.143 Thread 0x000000002858d800 Uncommon trap: reason=unstable_if action=reinterpret pc=0x0000000002b57854 method=java.security.AccessControlContext.optimize()Ljava/security/AccessControlContext; @ 220

Internal exceptions (10 events):
Event: 0.104 Thread 0x00000000023ad800 Exception <a 'java/security/PrivilegedActionException'> (0x00000007164b2c58) thrown at [C:\re\workspace\8-2-build-windows-amd64-cygwin\jdk8u131\8869\hotspot\src\share\vm\prims\jvm.cpp, line 1390]
Event: 0.104 Thread 0x00000000023ad800 Exception <a 'java/security/PrivilegedActionException'> (0x00000007164b3050) thrown at [C:\re\workspace\8-2-build-windows-amd64-cygwin\jdk8u131\8869\hotspot\src\share\vm\prims\jvm.cpp, line 1390]
Event: 0.104 Thread 0x00000000023ad800 Exception <a 'java/security/PrivilegedActionException'> (0x00000007164b4298) thrown at [C:\re\workspace\8-2-build-windows-amd64-cygwin\jdk8u131\8869\hotspot\src\share\vm\prims\jvm.cpp, line 1390]
Event: 0.104 Thread 0x00000000023ad800 Exception <a 'java/security/PrivilegedActionException'> (0x00000007164b4690) thrown at [C:\re\workspace\8-2-build-windows-amd64-cygwin\jdk8u131\8869\hotspot\src\share\vm\prims\jvm.cpp, line 1390]
Event: 0.104 Thread 0x00000000023ad800 Exception <a 'java/security/PrivilegedActionException'> (0x00000007164b5878) thrown at [C:\re\workspace\8-2-build-windows-amd64-cygwin\jdk8u131\8869\hotspot\src\share\vm\prims\jvm.cpp, line 1390]
Event: 0.104 Thread 0x00000000023ad800 Exception <a 'java/security/PrivilegedActionException'> (0x00000007164b5c70) thrown at [C:\re\workspace\8-2-build-windows-amd64-cygwin\jdk8u131\8869\hotspot\src\share\vm\prims\jvm.cpp, line 1390]
Event: 0.112 Thread 0x00000000023ad800 Exception <a 'java/io/FileNotFoundException'> (0x00000007164b8d80) thrown at [C:\re\workspace\8-2-build-windows-amd64-cygwin\jdk8u131\8869\hotspot\src\share\vm\prims\jni.cpp, line 709]
Event: 0.139 Thread 0x00000000023ad800 Exception <a 'java/lang/NoSuchFieldError': method resolution failed> (0x0000000716586508) thrown at [C:\re\workspace\8-2-build-windows-amd64-cygwin\jdk8u131\8869\hotspot\src\share\vm\prims\methodHandles.cpp, line 1146]
Event: 0.140 Thread 0x00000000023ad800 Exception <a 'java/lang/NoSuchFieldError': method resolution failed> (0x0000000716593ca8) thrown at [C:\re\workspace\8-2-build-windows-amd64-cygwin\jdk8u131\8869\hotspot\src\share\vm\prims\methodHandles.cpp, line 1146]
Event: 0.279 Thread 0x00000000023ad800 Exception <a 'java/io/FileNotFoundException'> (0x0000000718b28c78) thrown at [C:\re\workspace\8-2-build-windows-amd64-cygwin\jdk8u131\8869\hotspot\src\share\vm\prims\jni.cpp, line 709]

Events (10 events):
Event: 28.963 loading class com/xuggle/xuggler/IContainer$Type done
Event: 28.963 loading class com/xuggle/xuggler/IContainer$Type$SwigNext
Event: 28.963 loading class com/xuggle/xuggler/IContainer$Type$SwigNext done
Event: 28.964 loading class com/xuggle/xuggler/IContainerFormat
Event: 28.964 loading class com/xuggle/xuggler/IContainerFormat done
Event: 29.143 Thread 0x000000002858d800 Uncommon trap: trap_request=0xffffff65 fr.pc=0x0000000002b57854
Event: 29.144 Thread 0x000000002858d800 DEOPT PACKING pc=0x0000000002b57854 sp=0x000000002cc1d320
Event: 29.144 Thread 0x000000002858d800 DEOPT UNPACKING pc=0x000000000263582a sp=0x000000002cc1d280 mode 2
Event: 30.086 Thread 0x00000000286ab800 DEOPT PACKING pc=0x0000000002ac272c sp=0x000000002b26ee80
Event: 30.086 Thread 0x00000000286ab800 DEOPT UNPACKING pc=0x000000000263787f sp=0x000000002b26ebd0 mode 0


Dynamic libraries:
0x00007ff604d40000 - 0x00007ff604d77000 	C:\Program Files\Java\jre1.8.0_131\bin\javaw.exe
0x00007fff12480000 - 0x00007fff1265b000 	C:\WINDOWS\SYSTEM32\ntdll.dll
0x00007fff10010000 - 0x00007fff100be000 	C:\WINDOWS\System32\KERNEL32.DLL
0x00007fff0ec70000 - 0x00007fff0eeb9000 	C:\WINDOWS\System32\KERNELBASE.dll
0x00007fff123d0000 - 0x00007fff12471000 	C:\WINDOWS\System32\ADVAPI32.dll
0x00007fff11b40000 - 0x00007fff11bdd000 	C:\WINDOWS\System32\msvcrt.dll
0x00007fff100d0000 - 0x00007fff10129000 	C:\WINDOWS\System32\sechost.dll
0x00007fff0f9e0000 - 0x00007fff0fb05000 	C:\WINDOWS\System32\RPCRT4.dll
0x00007fff12130000 - 0x00007fff1227a000 	C:\WINDOWS\System32\USER32.dll
0x00007fff0e9a0000 - 0x00007fff0e9be000 	C:\WINDOWS\System32\win32u.dll
0x00007fff12100000 - 0x00007fff12127000 	C:\WINDOWS\System32\GDI32.dll
0x00007fff0ea80000 - 0x00007fff0ec08000 	C:\WINDOWS\System32\gdi32full.dll
0x00007fff0f790000 - 0x00007fff0f82a000 	C:\WINDOWS\System32\msvcp_win.dll
0x00007fff0f830000 - 0x00007fff0f926000 	C:\WINDOWS\System32\ucrtbase.dll
0x00007ffefe430000 - 0x00007ffefe697000 	C:\WINDOWS\WinSxS\amd64_microsoft.windows.common-controls_6595b64144ccf1df_6.0.15063.483_none_26002d27e7c744a2\COMCTL32.dll
0x00007fff10130000 - 0x00007fff10429000 	C:\WINDOWS\System32\combase.dll
0x00007fff0ea10000 - 0x00007fff0ea7a000 	C:\WINDOWS\System32\bcryptPrimitives.dll
0x00007fff120d0000 - 0x00007fff120fd000 	C:\WINDOWS\System32\IMM32.DLL
0x000000006d620000 - 0x000000006d6f2000 	C:\Program Files\Java\jre1.8.0_131\bin\msvcr100.dll
0x000000006d8b0000 - 0x000000006e14c000 	C:\Program Files\Java\jre1.8.0_131\bin\server\jvm.dll
0x00007fff0fe10000 - 0x00007fff0fe18000 	C:\WINDOWS\System32\PSAPI.DLL
0x00007fff06e60000 - 0x00007fff06e6a000 	C:\WINDOWS\SYSTEM32\VERSION.dll
0x00007ffefd670000 - 0x00007ffefd679000 	C:\WINDOWS\SYSTEM32\WSOCK32.dll
0x00007fff0caf0000 - 0x00007fff0cb13000 	C:\WINDOWS\SYSTEM32\WINMM.dll
0x00007fff10430000 - 0x00007fff1049c000 	C:\WINDOWS\System32\WS2_32.dll
0x00007fff0cac0000 - 0x00007fff0caeb000 	C:\WINDOWS\SYSTEM32\WINMMBASE.dll
0x00007fff0e9c0000 - 0x00007fff0ea09000 	C:\WINDOWS\System32\cfgmgr32.dll
0x000000006d7c0000 - 0x000000006d7cf000 	C:\Program Files\Java\jre1.8.0_131\bin\verify.dll
0x000000006d790000 - 0x000000006d7b9000 	C:\Program Files\Java\jre1.8.0_131\bin\java.dll
0x000000006d770000 - 0x000000006d786000 	C:\Program Files\Java\jre1.8.0_131\bin\zip.dll
0x00007fff10700000 - 0x00007fff11b36000 	C:\WINDOWS\System32\SHELL32.dll
0x00007fff0fb10000 - 0x00007fff0fbba000 	C:\WINDOWS\System32\shcore.dll
0x00007fff0f090000 - 0x00007fff0f783000 	C:\WINDOWS\System32\windows.storage.dll
0x00007fff0fdb0000 - 0x00007fff0fe01000 	C:\WINDOWS\System32\shlwapi.dll
0x00007fff0e980000 - 0x00007fff0e991000 	C:\WINDOWS\System32\kernel.appcore.dll
0x00007fff0e910000 - 0x00007fff0e95c000 	C:\WINDOWS\System32\powrprof.dll
0x00007fff0e8f0000 - 0x00007fff0e905000 	C:\WINDOWS\System32\profapi.dll
0x000000006d480000 - 0x000000006d618000 	C:\Program Files\Java\jre1.8.0_131\bin\awt.dll
0x00007fff104a0000 - 0x00007fff10560000 	C:\WINDOWS\System32\OLEAUT32.dll
0x00007fff0cfa0000 - 0x00007fff0d01e000 	C:\WINDOWS\SYSTEM32\apphelp.dll
0x000000006d3a0000 - 0x000000006d3d1000 	C:\Program Files\Java\jre1.8.0_131\bin\jpeg.dll
0x00007fff0b840000 - 0x00007fff0b86a000 	C:\WINDOWS\system32\DWMAPI.DLL
0x00007fff0d1f0000 - 0x00007fff0d285000 	C:\WINDOWS\system32\uxtheme.dll
0x00007ffefb9e0000 - 0x00007ffefbb01000 	C:\WINDOWS\system32\opengl32.dll
0x00007ffefd0a0000 - 0x00007ffefd0cc000 	C:\WINDOWS\SYSTEM32\GLU32.dll
0x00007fff0fc40000 - 0x00007fff0fda6000 	C:\WINDOWS\System32\MSCTF.dll
0x00007ffef2b20000 - 0x00007ffef2bc1000 	C:\Program Files\Common Files\microsoft shared\ink\tiptsf.dll
0x00007ffeeea20000 - 0x00007ffeeea68000 	C:\Program Files (x86)\TeamViewer\tv_x64.dll
0x00007fff12280000 - 0x00007fff123c5000 	C:\WINDOWS\System32\ole32.dll
0x000000006d430000 - 0x000000006d477000 	C:\Program Files\Java\jre1.8.0_131\bin\fontmanager.dll
0x00007fff04740000 - 0x00007fff047c2000 	C:\WINDOWS\System32\TextInputFramework.dll
0x00007fff096a0000 - 0x00007fff09972000 	C:\WINDOWS\System32\CoreUIComponents.dll
0x00007fff0c870000 - 0x00007fff0c953000 	C:\WINDOWS\System32\CoreMessaging.dll
0x00007fff0db00000 - 0x00007fff0db31000 	C:\WINDOWS\SYSTEM32\ntmarta.dll
0x00007fff0b040000 - 0x00007fff0b179000 	C:\WINDOWS\SYSTEM32\wintypes.dll
0x00007fff0b810000 - 0x00007fff0b825000 	C:\WINDOWS\SYSTEM32\usermgrcli.dll
0x00007fff12030000 - 0x00007fff120ce000 	C:\WINDOWS\System32\clbcatq.dll
0x00007ffef2950000 - 0x00007ffef2b15000 	C:\Windows\System32\uiautomationcore.dll
0x00007fff0e750000 - 0x00007fff0e7ea000 	C:\WINDOWS\SYSTEM32\sxs.dll
0x00007fff05220000 - 0x00007fff0528b000 	C:\Windows\System32\OLEACC.dll
0x00007ffef2e90000 - 0x00007ffef2f12000 	C:\WINDOWS\SYSTEM32\twinapi.dll
0x00007fff0d3a0000 - 0x00007fff0d510000 	C:\WINDOWS\SYSTEM32\twinapi.appcore.dll
0x00007fff0e4b0000 - 0x00007fff0e4d5000 	C:\WINDOWS\SYSTEM32\bcrypt.dll
0x000000006d750000 - 0x000000006d76a000 	C:\Program Files\Java\jre1.8.0_131\bin\net.dll
0x00007fff0e200000 - 0x00007fff0e25c000 	C:\WINDOWS\system32\mswsock.dll
0x000000006d730000 - 0x000000006d741000 	C:\Program Files\Java\jre1.8.0_131\bin\nio.dll
0x000000006d3e0000 - 0x000000006d422000 	C:\Program Files\Java\jre1.8.0_131\bin\t2k.dll
0x000000006d370000 - 0x000000006d39a000 	C:\Program Files\Java\jre1.8.0_131\bin\dcpr.dll
0x00007fff0e3a0000 - 0x00007fff0e3b7000 	C:\WINDOWS\SYSTEM32\CRYPTSP.dll
0x00007fff0de20000 - 0x00007fff0de54000 	C:\WINDOWS\system32\rsaenh.dll
0x00007fff0e820000 - 0x00007fff0e849000 	C:\WINDOWS\SYSTEM32\USERENV.dll
0x00007fff0e3c0000 - 0x00007fff0e3cb000 	C:\WINDOWS\SYSTEM32\CRYPTBASE.dll
0x00007fff0dfa0000 - 0x00007fff0dfd7000 	C:\WINDOWS\SYSTEM32\IPHLPAPI.DLL
0x00007fff12020000 - 0x00007fff12028000 	C:\WINDOWS\System32\NSI.dll
0x00007fff07080000 - 0x00007fff07096000 	C:\WINDOWS\SYSTEM32\dhcpcsvc6.DLL
0x00007fff070a0000 - 0x00007fff070ba000 	C:\WINDOWS\SYSTEM32\dhcpcsvc.DLL
0x000000006e740000 - 0x000000006fda5000 	C:\Users\Nadina\AppData\Local\Temp\xuggle\xuggle4523674112190865162.dll
0x00007fff01a70000 - 0x00007fff01a88000 	C:\WINDOWS\SYSTEM32\AVICAP32.dll
0x00007fff01a10000 - 0x00007fff01a39000 	C:\WINDOWS\SYSTEM32\MSVFW32.dll
0x00007fff0a970000 - 0x00007fff0ab19000 	C:\WINDOWS\SYSTEM32\dbghelp.dll

VM Arguments:
jvm_args: -Dfile.encoding=Cp1252 
java_command: App
java_class_path (initial): C:\Users\Nadina\workspace\FileManager\target;C:\Users\Nadina\workspace\FileManager\commons-io-2.4.jar;C:\Users\Nadina\.p2\pool\plugins\org.junit_4.12.0.v201504281640\junit.jar;C:\Users\Nadina\.p2\pool\plugins\org.hamcrest.core_1.3.0.v201303031735.jar;C:\Users\Nadina\workspace\FileManager\commons-lang3-3.6.jar;C:\Users\Nadina\workspace\FileManager\slf4j-api-1.7.25.jar;C:\Users\Nadina\workspace\FileManager\slf4j-nop-1.7.25.jar;C:\Users\Nadina\workspace\FileManager\commons-cli-1.4.jar;C:\Users\Nadina\workspace\FileManager\xuggle-xuggler-5.4.jar
Launcher Type: SUN_STANDARD

Environment Variables:
PATH=C:/Program Files/Java/jre1.8.0_131/bin/server;C:/Program Files/Java/jre1.8.0_131/bin;C:/Program Files/Java/jre1.8.0_131/lib/amd64;C:\Program Files (x86)\Common Files\Intel\Shared Libraries\redist\intel64\compiler;C:\ProgramData\Oracle\Java\javapath;C:\Program Files (x86)\Intel\iCLS Client\;C:\Program Files\Intel\iCLS Client\;C:\Windows\system32;C:\Windows;C:\Windows\System32\Wbem;C:\Windows\System32\WindowsPowerShell\v1.0\;C:\Program Files (x86)\Intel\Intel(R) Management Engine Components\DAL;C:\Program Files\Intel\Intel(R) Management Engine Components\DAL;C:\Program Files (x86)\Intel\Intel(R) Management Engine Components\IPT;C:\Program Files\Intel\Intel(R) Management Engine Components\IPT;C:\Program Files (x86)\NVIDIA Corporation\PhysX\Common;C:\WINDOWS\system32;C:\WINDOWS;C:\WINDOWS\System32\Wbem;C:\WINDOWS\System32\WindowsPowerShell\v1.0\;C:\Program Files\MATLAB\R2016b\runtime\win64;C:\Program Files\MATLAB\R2016b\bin;C:\Program Files\Microsoft SQL Server\130\Tools\Binn\;C:\Program Files\dotnet\;C:\Users\Nadina\AppData\Local\Microsoft\WindowsApps;;C:\WINDOWS\system32;
USERNAME=Nadina
OS=Windows_NT
PROCESSOR_IDENTIFIER=Intel64 Family 6 Model 158 Stepping 9, GenuineIntel



---------------  S Y S T E M  ---------------

OS: Windows 10.0 , 64 bit Build 15063 (10.0.15063.296)

CPU:total 8 (initial active 8) (4 cores per cpu, 2 threads per core) family 6 model 158 stepping 9, cmov, cx8, fxsr, mmx, sse, sse2, sse3, ssse3, sse4.1, sse4.2, popcnt, avx, avx2, aes, clmul, erms, 3dnowpref, lzcnt, ht, tsc, tscinvbit, bmi1, bmi2, adx

Memory: 4k page, physical 33368068k(17282940k free), swap 38348804k(18903428k free)

vm_info: Java HotSpot(TM) 64-Bit Server VM (25.131-b11) for windows-amd64 JRE (1.8.0_131-b11), built on Mar 15 2017 01:23:53 by "java_re" with MS VC++ 10.0 (VS2010)

time: Wed Sep 20 23:53:59 2017
elapsed time: 38 seconds (0d 0h 0m 38s)

