#
# A fatal error has been detected by the Java Runtime Environment:
#
#  EXCEPTION_ACCESS_VIOLATION (0xc0000005) at pc=0x000000006ee76520, pid=14184, tid=0x0000000000006914
#
# JRE version: Java(TM) SE Runtime Environment (8.0_131-b11) (build 1.8.0_131-b11)
# Java VM: Java HotSpot(TM) 64-Bit Server VM (25.131-b11 mixed mode windows-amd64 compressed oops)
# Problematic frame:
# C  [xuggle9139931815889060995.dll+0x736520]
#
# Failed to write core dump. Minidumps are not enabled by default on client versions of Windows
#
# If you would like to submit a bug report, please visit:
#   http://bugreport.java.com/bugreport/crash.jsp
# The crash happened outside the Java Virtual Machine in native code.
# See problematic frame for where to report the bug.
#

---------------  T H R E A D  ---------------

Current thread (0x000000002902f800):  JavaThread "Thread-3" [_thread_in_native, id=26900, stack(0x000000002d170000,0x000000002d270000)]

siginfo: ExceptionCode=0xc0000005, reading address 0xffffffffffffffff

Registers:
RAX=0x000000002b10f130, RBX=0x000000002aa18130, RCX=0x000000002b10f130, RDX=0x0000000000000009
RSP=0x000000002d26dde0, RBP=0x000000002b10e870, RSI=0x000000002b110130, RDI=0x0000000000000004
R8 =0x000000006ee77580, R9 =0x000000006ee76490, R10=0x000000002b10d230, R11=0x000000002b0db170
R12=0x000000002b0db970, R13=0x0000000000000004, R14=0x0000000000000184, R15=0x000000006fab8f20
RIP=0x000000006ee76520, EFLAGS=0x0000000000010202

Top of Stack: (sp=0x000000002d26dde0)
0x000000002d26dde0:   000000006ee76665 000000006ee774c5
0x000000002d26ddf0:   000000006ee77505 000000006ee77545
0x000000002d26de00:   000000006ee77585 000000006ee79426
0x000000002d26de10:   000000006fab8f20 000000002b10f130
0x000000002d26de20:   000000002aa1a5f0 00000000000000b0
0x000000002d26de30:   3fe0000000000000 0000000000000000
0x000000002d26de40:   40c7760000000000 0000000000000000
0x000000002d26de50:   3fe0000000000000 0000000000000001
0x000000002d26de60:   000000002aa1b5f0 000000006ea45d24
0x000000002d26de70:   3f40624dd2f1a9fc 0000000000000000
0x000000002d26de80:   00000000e2c83afa 0000000000000000
0x000000002d26de90:   000000000000000a 0000000000000000
0x000000002d26dea0:   000000002aa244f0 000000006fab7320
0x000000002d26deb0:   ffffffff02000002 000000002aa18090
0x000000002d26dec0:   0000000000000001 000000002b10e870
0x000000002d26ded0:   000000002b10e8f0 0000000000000000 

Instructions: (pc=0x000000006ee76520)
0x000000006ee76500:   c4 e3 5d 0c c0 55 c5 e4 5c c8 c5 e4 58 c0 c5 fc
0x000000006ee76510:   29 01 c5 fc 29 49 20 c3 0f 1f 84 00 00 00 00 00
0x000000006ee76520:   c5 fc 28 51 40 c5 fc 28 59 60 c5 ec 5c fb c5 ec
0x000000006ee76530:   58 d3 c5 c4 57 3d 26 41 84 00 c5 ec c6 df be c5 


Register to memory mapping:

RAX=0x000000002b10f130 is an unknown value
RBX=0x000000002aa18130 is an unknown value
RCX=0x000000002b10f130 is an unknown value
RDX=0x0000000000000009 is an unknown value
RSP=0x000000002d26dde0 is pointing into the stack for thread: 0x000000002902f800
RBP=0x000000002b10e870 is an unknown value
RSI=0x000000002b110130 is an unknown value
RDI=0x0000000000000004 is an unknown value
R8 =0x000000006ee77580 is an unknown value
R9 =0x000000006ee76490 is an unknown value
R10=0x000000002b10d230 is an unknown value
R11=0x000000002b0db170 is an unknown value
R12=0x000000002b0db970 is an unknown value
R13=0x0000000000000004 is an unknown value
R14=0x0000000000000184 is an unknown value
R15=0x000000006fab8f20 is an unknown value


Stack: [0x000000002d170000,0x000000002d270000],  sp=0x000000002d26dde0,  free space=1015k
Native frames: (J=compiled Java code, j=interpreted, Vv=VM code, C=native code)
C  [xuggle9139931815889060995.dll+0x736520]

Java frames: (J=compiled Java code, j=interpreted, Vv=VM code)
j  com.xuggle.xuggler.XugglerJNI.IContainer_open__SWIG_0(JLcom/xuggle/xuggler/IContainer;Ljava/lang/String;IJLcom/xuggle/xuggler/IContainerFormat;)I+0
j  com.xuggle.xuggler.IContainer.open(Ljava/lang/String;Lcom/xuggle/xuggler/IContainer$Type;Lcom/xuggle/xuggler/IContainerFormat;)I+15
j  gui.StatFrame.time()V+113
j  gui.StatFrame.<init>(Lmodel/InfoModel;)V+107
j  controller.MainController$5.run()V+17
j  java.lang.Thread.run()V+11
v  ~StubRoutines::call_stub

---------------  P R O C E S S  ---------------

Java Threads: ( => current thread )
=>0x000000002902f800 JavaThread "Thread-3" [_thread_in_native, id=26900, stack(0x000000002d170000,0x000000002d270000)]
  0x00000000029ad800 JavaThread "DestroyJavaVM" [_thread_blocked, id=2532, stack(0x0000000002a70000,0x0000000002b70000)]
  0x0000000028ce5000 JavaThread "AWT-EventQueue-0" [_thread_blocked, id=27412, stack(0x000000002b7c0000,0x000000002b8c0000)]
  0x0000000028c94800 JavaThread "AWT-Windows" daemon [_thread_in_native, id=10936, stack(0x00000000295f0000,0x00000000296f0000)]
  0x0000000028c94000 JavaThread "AWT-Shutdown" [_thread_blocked, id=27428, stack(0x00000000294d0000,0x00000000295d0000)]
  0x0000000028c25000 JavaThread "Java2D Disposer" daemon [_thread_blocked, id=27420, stack(0x00000000293d0000,0x00000000294d0000)]
  0x0000000027aea000 JavaThread "Service Thread" daemon [_thread_blocked, id=27140, stack(0x0000000028610000,0x0000000028710000)]
  0x0000000027a81000 JavaThread "C1 CompilerThread3" daemon [_thread_blocked, id=27048, stack(0x0000000028510000,0x0000000028610000)]
  0x0000000027a54800 JavaThread "C2 CompilerThread2" daemon [_thread_blocked, id=27208, stack(0x0000000028410000,0x0000000028510000)]
  0x0000000027a4c800 JavaThread "C2 CompilerThread1" daemon [_thread_blocked, id=27376, stack(0x0000000028310000,0x0000000028410000)]
  0x0000000027a4a000 JavaThread "C2 CompilerThread0" daemon [_thread_blocked, id=15680, stack(0x0000000028210000,0x0000000028310000)]
  0x0000000027a48000 JavaThread "Attach Listener" daemon [_thread_blocked, id=26880, stack(0x0000000028110000,0x0000000028210000)]
  0x0000000027a47000 JavaThread "Signal Dispatcher" daemon [_thread_blocked, id=26956, stack(0x0000000028010000,0x0000000028110000)]
  0x0000000002c69800 JavaThread "Finalizer" daemon [_thread_blocked, id=25748, stack(0x0000000027e20000,0x0000000027f20000)]
  0x0000000002c68000 JavaThread "Reference Handler" daemon [_thread_blocked, id=26740, stack(0x0000000027920000,0x0000000027a20000)]

Other Threads:
  0x0000000025b39800 VMThread [stack: 0x0000000027820000,0x0000000027920000] [id=22444]
  0x0000000027afd800 WatcherThread [stack: 0x0000000028710000,0x0000000028810000] [id=27312]

VM state:not at safepoint (normal execution)

VM Mutex/Monitor currently owned by a thread: None

Heap:
 PSYoungGen      total 152576K, used 64760K [0x0000000716400000, 0x0000000720e00000, 0x00000007c0000000)
  eden space 131072K, 33% used [0x0000000716400000,0x0000000718e42108,0x000000071e400000)
  from space 21504K, 99% used [0x000000071e400000,0x000000071f8fc248,0x000000071f900000)
  to   space 21504K, 0% used [0x000000071f900000,0x000000071f900000,0x0000000720e00000)
 ParOldGen       total 348160K, used 47268K [0x00000005c2c00000, 0x00000005d8000000, 0x0000000716400000)
  object space 348160K, 13% used [0x00000005c2c00000,0x00000005c5a29298,0x00000005d8000000)
 Metaspace       used 15162K, capacity 15484K, committed 15616K, reserved 1062912K
  class space    used 1869K, capacity 1949K, committed 2048K, reserved 1048576K

Card table byte_map: [0x0000000012030000,0x0000000013020000] byte_map_base: 0x000000000f21a000

Marking Bits: (ParMarkBitMap*) 0x000000006e0cc720
 Begin Bits: [0x00000000142c0000, 0x000000001c210000)
 End Bits:   [0x000000001c210000, 0x0000000024160000)

Polling page: 0x0000000001120000

CodeCache: size=245760Kb used=6116Kb max_used=6128Kb free=239643Kb
 bounds [0x0000000002c70000, 0x0000000003280000, 0x0000000011c70000]
 total_blobs=2387 nmethods=1824 adapters=474
 compilation: enabled

Compilation events (10 events):
Event: 40.545 Thread 0x0000000027a4a000 1821       4       java.io.BufferedWriter::newLine (9 bytes)
Event: 40.548 Thread 0x0000000027a4a000 nmethod 1821 0x0000000003268cd0 code [0x0000000003268e20, 0x00000000032693b8]
Event: 40.552 Thread 0x0000000027a4c800 nmethod 1820 0x000000000326ea90 code [0x000000000326ec40, 0x000000000326f9a8]
Event: 40.552 Thread 0x0000000027a54800 nmethod 1819 0x0000000003270450 code [0x0000000003270600, 0x00000000032712f0]
Event: 41.021 Thread 0x0000000027a81000 1822       3       java.util.concurrent.atomic.AtomicLong::<init> (10 bytes)
Event: 41.021 Thread 0x0000000027a81000 nmethod 1822 0x0000000003268850 code [0x00000000032689c0, 0x0000000003268bf0]
Event: 41.133 Thread 0x0000000027a81000 1823       1       com.xuggle.ferry.JNIMemoryManager::getQueue (5 bytes)
Event: 41.133 Thread 0x0000000027a81000 nmethod 1823 0x0000000003265f50 code [0x00000000032660a0, 0x00000000032661b0]
Event: 41.412 Thread 0x0000000027a81000 1824       1       com.xuggle.xuggler.IContainer$Type::swigValue (5 bytes)
Event: 41.412 Thread 0x0000000027a81000 nmethod 1824 0x0000000003265c90 code [0x0000000003265de0, 0x0000000003265ef0]

GC Heap History (2 events):
Event: 18.558 GC heap before
{Heap before GC invocations=1 (full 0):
 PSYoungGen      total 152576K, used 131072K [0x0000000716400000, 0x0000000720e00000, 0x00000007c0000000)
  eden space 131072K, 100% used [0x0000000716400000,0x000000071e400000,0x000000071e400000)
  from space 21504K, 0% used [0x000000071f900000,0x000000071f900000,0x0000000720e00000)
  to   space 21504K, 0% used [0x000000071e400000,0x000000071e400000,0x000000071f900000)
 ParOldGen       total 348160K, used 0K [0x00000005c2c00000, 0x00000005d8000000, 0x0000000716400000)
  object space 348160K, 0% used [0x00000005c2c00000,0x00000005c2c00000,0x00000005d8000000)
 Metaspace       used 13195K, capacity 13564K, committed 13824K, reserved 1060864K
  class space    used 1675K, capacity 1757K, committed 1792K, reserved 1048576K
Event: 18.575 GC heap after
Heap after GC invocations=1 (full 0):
 PSYoungGen      total 152576K, used 21488K [0x0000000716400000, 0x0000000720e00000, 0x00000007c0000000)
  eden space 131072K, 0% used [0x0000000716400000,0x0000000716400000,0x000000071e400000)
  from space 21504K, 99% used [0x000000071e400000,0x000000071f8fc248,0x000000071f900000)
  to   space 21504K, 0% used [0x000000071f900000,0x000000071f900000,0x0000000720e00000)
 ParOldGen       total 348160K, used 47268K [0x00000005c2c00000, 0x00000005d8000000, 0x0000000716400000)
  object space 348160K, 13% used [0x00000005c2c00000,0x00000005c5a29298,0x00000005d8000000)
 Metaspace       used 13195K, capacity 13564K, committed 13824K, reserved 1060864K
  class space    used 1675K, capacity 1757K, committed 1792K, reserved 1048576K
}

Deoptimization events (10 events):
Event: 22.958 Thread 0x000000002902f800 Uncommon trap: reason=unstable_if action=reinterpret pc=0x0000000003133ad4 method=java.io.WinNTFileSystem.normalize(Ljava/lang/String;)Ljava/lang/String; @ 128
Event: 22.958 Thread 0x000000002902f800 Uncommon trap: reason=unstable_if action=reinterpret pc=0x0000000003087134 method=java.io.WinNTFileSystem.normalize(Ljava/lang/String;II)Ljava/lang/String; @ 90
Event: 22.969 Thread 0x000000002902f800 Uncommon trap: reason=unstable_if action=reinterpret pc=0x00000000030a40ec method=java.io.WinNTFileSystem.normalize(Ljava/lang/String;)Ljava/lang/String; @ 128
Event: 22.991 Thread 0x000000002902f800 Uncommon trap: reason=bimorphic action=maybe_recompile pc=0x0000000002ea9a74 method=java.util.HashMap.putVal(ILjava/lang/Object;Ljava/lang/Object;ZZ)Ljava/lang/Object; @ 91
Event: 22.991 Thread 0x000000002902f800 Uncommon trap: reason=bimorphic action=maybe_recompile pc=0x0000000002ea9a74 method=java.util.HashMap.putVal(ILjava/lang/Object;Ljava/lang/Object;ZZ)Ljava/lang/Object; @ 91
Event: 22.991 Thread 0x000000002902f800 Uncommon trap: reason=bimorphic action=maybe_recompile pc=0x0000000002ea9a74 method=java.util.HashMap.putVal(ILjava/lang/Object;Ljava/lang/Object;ZZ)Ljava/lang/Object; @ 91
Event: 22.991 Thread 0x000000002902f800 Uncommon trap: reason=bimorphic action=maybe_recompile pc=0x0000000002ea9a74 method=java.util.HashMap.putVal(ILjava/lang/Object;Ljava/lang/Object;ZZ)Ljava/lang/Object; @ 91
Event: 23.038 Thread 0x000000002902f800 Uncommon trap: reason=class_check action=maybe_recompile pc=0x0000000002eae3d0 method=java.util.HashMap.putVal(ILjava/lang/Object;Ljava/lang/Object;ZZ)Ljava/lang/Object; @ 253
Event: 23.038 Thread 0x000000002902f800 Uncommon trap: reason=class_check action=maybe_recompile pc=0x0000000002eae3d0 method=java.util.HashMap.putVal(ILjava/lang/Object;Ljava/lang/Object;ZZ)Ljava/lang/Object; @ 253
Event: 23.106 Thread 0x000000002902f800 Uncommon trap: reason=unstable_if action=reinterpret pc=0x00000000030b2ed8 method=java.io.File.getName()Ljava/lang/String; @ 16

Internal exceptions (10 events):
Event: 0.127 Thread 0x00000000029ad800 Exception <a 'java/security/PrivilegedActionException'> (0x00000007164b2c58) thrown at [C:\re\workspace\8-2-build-windows-amd64-cygwin\jdk8u131\8869\hotspot\src\share\vm\prims\jvm.cpp, line 1390]
Event: 0.127 Thread 0x00000000029ad800 Exception <a 'java/security/PrivilegedActionException'> (0x00000007164b3050) thrown at [C:\re\workspace\8-2-build-windows-amd64-cygwin\jdk8u131\8869\hotspot\src\share\vm\prims\jvm.cpp, line 1390]
Event: 0.127 Thread 0x00000000029ad800 Exception <a 'java/security/PrivilegedActionException'> (0x00000007164b4298) thrown at [C:\re\workspace\8-2-build-windows-amd64-cygwin\jdk8u131\8869\hotspot\src\share\vm\prims\jvm.cpp, line 1390]
Event: 0.127 Thread 0x00000000029ad800 Exception <a 'java/security/PrivilegedActionException'> (0x00000007164b4690) thrown at [C:\re\workspace\8-2-build-windows-amd64-cygwin\jdk8u131\8869\hotspot\src\share\vm\prims\jvm.cpp, line 1390]
Event: 0.127 Thread 0x00000000029ad800 Exception <a 'java/security/PrivilegedActionException'> (0x00000007164b5878) thrown at [C:\re\workspace\8-2-build-windows-amd64-cygwin\jdk8u131\8869\hotspot\src\share\vm\prims\jvm.cpp, line 1390]
Event: 0.127 Thread 0x00000000029ad800 Exception <a 'java/security/PrivilegedActionException'> (0x00000007164b5c70) thrown at [C:\re\workspace\8-2-build-windows-amd64-cygwin\jdk8u131\8869\hotspot\src\share\vm\prims\jvm.cpp, line 1390]
Event: 0.131 Thread 0x00000000029ad800 Exception <a 'java/io/FileNotFoundException'> (0x00000007164b8d80) thrown at [C:\re\workspace\8-2-build-windows-amd64-cygwin\jdk8u131\8869\hotspot\src\share\vm\prims\jni.cpp, line 709]
Event: 0.166 Thread 0x00000000029ad800 Exception <a 'java/lang/NoSuchFieldError': method resolution failed> (0x0000000716586508) thrown at [C:\re\workspace\8-2-build-windows-amd64-cygwin\jdk8u131\8869\hotspot\src\share\vm\prims\methodHandles.cpp, line 1146]
Event: 0.167 Thread 0x00000000029ad800 Exception <a 'java/lang/NoSuchFieldError': method resolution failed> (0x0000000716593ca8) thrown at [C:\re\workspace\8-2-build-windows-amd64-cygwin\jdk8u131\8869\hotspot\src\share\vm\prims\methodHandles.cpp, line 1146]
Event: 0.325 Thread 0x00000000029ad800 Exception <a 'java/io/FileNotFoundException'> (0x0000000718b28c78) thrown at [C:\re\workspace\8-2-build-windows-amd64-cygwin\jdk8u131\8869\hotspot\src\share\vm\prims\jni.cpp, line 709]

Events (10 events):
Event: 23.795 loading class java/util/concurrent/TimeUnit$6
Event: 23.795 loading class java/util/concurrent/TimeUnit$6 done
Event: 23.795 loading class java/util/concurrent/TimeUnit$7
Event: 23.795 loading class java/util/concurrent/TimeUnit$7 done
Event: 23.798 loading class com/xuggle/xuggler/IContainer$Type
Event: 23.798 loading class com/xuggle/xuggler/IContainer$Type done
Event: 23.798 loading class com/xuggle/xuggler/IContainer$Type$SwigNext
Event: 23.798 loading class com/xuggle/xuggler/IContainer$Type$SwigNext done
Event: 23.798 loading class com/xuggle/xuggler/IContainerFormat
Event: 23.798 loading class com/xuggle/xuggler/IContainerFormat done


Dynamic libraries:
0x00007ff604d40000 - 0x00007ff604d77000 	C:\Program Files\Java\jre1.8.0_131\bin\javaw.exe
0x00007fff12480000 - 0x00007fff1265b000 	C:\WINDOWS\SYSTEM32\ntdll.dll
0x00007fff10010000 - 0x00007fff100be000 	C:\WINDOWS\System32\KERNEL32.DLL
0x00007fff0ec70000 - 0x00007fff0eeb9000 	C:\WINDOWS\System32\KERNELBASE.dll
0x00007fff123d0000 - 0x00007fff12471000 	C:\WINDOWS\System32\ADVAPI32.dll
0x00007fff11b40000 - 0x00007fff11bdd000 	C:\WINDOWS\System32\msvcrt.dll
0x00007fff100d0000 - 0x00007fff10129000 	C:\WINDOWS\System32\sechost.dll
0x00007fff0f9e0000 - 0x00007fff0fb05000 	C:\WINDOWS\System32\RPCRT4.dll
0x00007fff12130000 - 0x00007fff1227a000 	C:\WINDOWS\System32\USER32.dll
0x00007fff0e9a0000 - 0x00007fff0e9be000 	C:\WINDOWS\System32\win32u.dll
0x00007fff12100000 - 0x00007fff12127000 	C:\WINDOWS\System32\GDI32.dll
0x00007fff0ea80000 - 0x00007fff0ec08000 	C:\WINDOWS\System32\gdi32full.dll
0x00007fff0f790000 - 0x00007fff0f82a000 	C:\WINDOWS\System32\msvcp_win.dll
0x00007fff0f830000 - 0x00007fff0f926000 	C:\WINDOWS\System32\ucrtbase.dll
0x00007ffefe430000 - 0x00007ffefe697000 	C:\WINDOWS\WinSxS\amd64_microsoft.windows.common-controls_6595b64144ccf1df_6.0.15063.483_none_26002d27e7c744a2\COMCTL32.dll
0x00007fff10130000 - 0x00007fff10429000 	C:\WINDOWS\System32\combase.dll
0x00007fff0ea10000 - 0x00007fff0ea7a000 	C:\WINDOWS\System32\bcryptPrimitives.dll
0x00007fff120d0000 - 0x00007fff120fd000 	C:\WINDOWS\System32\IMM32.DLL
0x000000006d620000 - 0x000000006d6f2000 	C:\Program Files\Java\jre1.8.0_131\bin\msvcr100.dll
0x000000006d8b0000 - 0x000000006e14c000 	C:\Program Files\Java\jre1.8.0_131\bin\server\jvm.dll
0x00007fff0fe10000 - 0x00007fff0fe18000 	C:\WINDOWS\System32\PSAPI.DLL
0x00007fff0caf0000 - 0x00007fff0cb13000 	C:\WINDOWS\SYSTEM32\WINMM.dll
0x00007fff06e60000 - 0x00007fff06e6a000 	C:\WINDOWS\SYSTEM32\VERSION.dll
0x00007fff0cac0000 - 0x00007fff0caeb000 	C:\WINDOWS\SYSTEM32\WINMMBASE.dll
0x00007fff0e9c0000 - 0x00007fff0ea09000 	C:\WINDOWS\System32\cfgmgr32.dll
0x00007ffefd670000 - 0x00007ffefd679000 	C:\WINDOWS\SYSTEM32\WSOCK32.dll
0x00007fff10430000 - 0x00007fff1049c000 	C:\WINDOWS\System32\WS2_32.dll
0x000000006d7c0000 - 0x000000006d7cf000 	C:\Program Files\Java\jre1.8.0_131\bin\verify.dll
0x000000006d790000 - 0x000000006d7b9000 	C:\Program Files\Java\jre1.8.0_131\bin\java.dll
0x000000006d770000 - 0x000000006d786000 	C:\Program Files\Java\jre1.8.0_131\bin\zip.dll
0x00007fff10700000 - 0x00007fff11b36000 	C:\WINDOWS\System32\SHELL32.dll
0x00007fff0fb10000 - 0x00007fff0fbba000 	C:\WINDOWS\System32\shcore.dll
0x00007fff0f090000 - 0x00007fff0f783000 	C:\WINDOWS\System32\windows.storage.dll
0x00007fff0fdb0000 - 0x00007fff0fe01000 	C:\WINDOWS\System32\shlwapi.dll
0x00007fff0e980000 - 0x00007fff0e991000 	C:\WINDOWS\System32\kernel.appcore.dll
0x00007fff0e910000 - 0x00007fff0e95c000 	C:\WINDOWS\System32\powrprof.dll
0x00007fff0e8f0000 - 0x00007fff0e905000 	C:\WINDOWS\System32\profapi.dll
0x000000006d480000 - 0x000000006d618000 	C:\Program Files\Java\jre1.8.0_131\bin\awt.dll
0x00007fff104a0000 - 0x00007fff10560000 	C:\WINDOWS\System32\OLEAUT32.dll
0x00007fff0cfa0000 - 0x00007fff0d01e000 	C:\WINDOWS\SYSTEM32\apphelp.dll
0x000000006d3a0000 - 0x000000006d3d1000 	C:\Program Files\Java\jre1.8.0_131\bin\jpeg.dll
0x00007fff0b840000 - 0x00007fff0b86a000 	C:\WINDOWS\system32\DWMAPI.DLL
0x00007fff0d1f0000 - 0x00007fff0d285000 	C:\WINDOWS\system32\uxtheme.dll
0x00007ffefb9e0000 - 0x00007ffefbb01000 	C:\WINDOWS\system32\opengl32.dll
0x00007ffefd0a0000 - 0x00007ffefd0cc000 	C:\WINDOWS\SYSTEM32\GLU32.dll
0x00007fff0fc40000 - 0x00007fff0fda6000 	C:\WINDOWS\System32\MSCTF.dll
0x00007ffef2b20000 - 0x00007ffef2bc1000 	C:\Program Files\Common Files\microsoft shared\ink\tiptsf.dll
0x00007ffeeea20000 - 0x00007ffeeea68000 	C:\Program Files (x86)\TeamViewer\tv_x64.dll
0x00007fff12280000 - 0x00007fff123c5000 	C:\WINDOWS\System32\ole32.dll
0x000000006d430000 - 0x000000006d477000 	C:\Program Files\Java\jre1.8.0_131\bin\fontmanager.dll
0x00007fff04740000 - 0x00007fff047c2000 	C:\WINDOWS\System32\TextInputFramework.dll
0x00007fff096a0000 - 0x00007fff09972000 	C:\WINDOWS\System32\CoreUIComponents.dll
0x00007fff0c870000 - 0x00007fff0c953000 	C:\WINDOWS\System32\CoreMessaging.dll
0x00007fff0db00000 - 0x00007fff0db31000 	C:\WINDOWS\SYSTEM32\ntmarta.dll
0x00007fff0b040000 - 0x00007fff0b179000 	C:\WINDOWS\SYSTEM32\wintypes.dll
0x00007fff0b810000 - 0x00007fff0b825000 	C:\WINDOWS\SYSTEM32\usermgrcli.dll
0x00007fff12030000 - 0x00007fff120ce000 	C:\WINDOWS\System32\clbcatq.dll
0x00007ffef2950000 - 0x00007ffef2b15000 	C:\Windows\System32\uiautomationcore.dll
0x00007fff0e750000 - 0x00007fff0e7ea000 	C:\WINDOWS\SYSTEM32\sxs.dll
0x00007fff05220000 - 0x00007fff0528b000 	C:\Windows\System32\OLEACC.dll
0x00007ffef2e90000 - 0x00007ffef2f12000 	C:\WINDOWS\SYSTEM32\twinapi.dll
0x00007fff0d3a0000 - 0x00007fff0d510000 	C:\WINDOWS\SYSTEM32\twinapi.appcore.dll
0x00007fff0e4b0000 - 0x00007fff0e4d5000 	C:\WINDOWS\SYSTEM32\bcrypt.dll
0x000000006d750000 - 0x000000006d76a000 	C:\Program Files\Java\jre1.8.0_131\bin\net.dll
0x00007fff0e200000 - 0x00007fff0e25c000 	C:\WINDOWS\system32\mswsock.dll
0x000000006d730000 - 0x000000006d741000 	C:\Program Files\Java\jre1.8.0_131\bin\nio.dll
0x000000006d3e0000 - 0x000000006d422000 	C:\Program Files\Java\jre1.8.0_131\bin\t2k.dll
0x000000006d370000 - 0x000000006d39a000 	C:\Program Files\Java\jre1.8.0_131\bin\dcpr.dll
0x00007fff0e3a0000 - 0x00007fff0e3b7000 	C:\WINDOWS\SYSTEM32\CRYPTSP.dll
0x00007fff0de20000 - 0x00007fff0de54000 	C:\WINDOWS\system32\rsaenh.dll
0x00007fff0e820000 - 0x00007fff0e849000 	C:\WINDOWS\SYSTEM32\USERENV.dll
0x00007fff0e3c0000 - 0x00007fff0e3cb000 	C:\WINDOWS\SYSTEM32\CRYPTBASE.dll
0x00007fff0dfa0000 - 0x00007fff0dfd7000 	C:\WINDOWS\SYSTEM32\IPHLPAPI.DLL
0x00007fff12020000 - 0x00007fff12028000 	C:\WINDOWS\System32\NSI.dll
0x00007fff07080000 - 0x00007fff07096000 	C:\WINDOWS\SYSTEM32\dhcpcsvc6.DLL
0x00007fff070a0000 - 0x00007fff070ba000 	C:\WINDOWS\SYSTEM32\dhcpcsvc.DLL
0x000000006e740000 - 0x000000006fda5000 	C:\Users\Nadina\AppData\Local\Temp\xuggle\xuggle9139931815889060995.dll
0x00007fff01ae0000 - 0x00007fff01af8000 	C:\WINDOWS\SYSTEM32\AVICAP32.dll
0x00007ffeffc00000 - 0x00007ffeffc29000 	C:\WINDOWS\SYSTEM32\MSVFW32.dll
0x00007fff0a970000 - 0x00007fff0ab19000 	C:\WINDOWS\SYSTEM32\dbghelp.dll

VM Arguments:
jvm_args: -Dfile.encoding=Cp1252 
java_command: App
java_class_path (initial): C:\Users\Nadina\workspace\FileManager\target;C:\Users\Nadina\workspace\FileManager\commons-io-2.4.jar;C:\Users\Nadina\.p2\pool\plugins\org.junit_4.12.0.v201504281640\junit.jar;C:\Users\Nadina\.p2\pool\plugins\org.hamcrest.core_1.3.0.v201303031735.jar;C:\Users\Nadina\workspace\FileManager\commons-lang3-3.6.jar;C:\Users\Nadina\workspace\FileManager\slf4j-api-1.7.25.jar;C:\Users\Nadina\workspace\FileManager\slf4j-nop-1.7.25.jar;C:\Users\Nadina\workspace\FileManager\commons-cli-1.4.jar;C:\Users\Nadina\workspace\FileManager\xuggle-xuggler-5.4.jar
Launcher Type: SUN_STANDARD

Environment Variables:
PATH=C:/Program Files/Java/jre1.8.0_131/bin/server;C:/Program Files/Java/jre1.8.0_131/bin;C:/Program Files/Java/jre1.8.0_131/lib/amd64;C:\Program Files (x86)\Common Files\Intel\Shared Libraries\redist\intel64\compiler;C:\ProgramData\Oracle\Java\javapath;C:\Program Files (x86)\Intel\iCLS Client\;C:\Program Files\Intel\iCLS Client\;C:\Windows\system32;C:\Windows;C:\Windows\System32\Wbem;C:\Windows\System32\WindowsPowerShell\v1.0\;C:\Program Files (x86)\Intel\Intel(R) Management Engine Components\DAL;C:\Program Files\Intel\Intel(R) Management Engine Components\DAL;C:\Program Files (x86)\Intel\Intel(R) Management Engine Components\IPT;C:\Program Files\Intel\Intel(R) Management Engine Components\IPT;C:\Program Files (x86)\NVIDIA Corporation\PhysX\Common;C:\WINDOWS\system32;C:\WINDOWS;C:\WINDOWS\System32\Wbem;C:\WINDOWS\System32\WindowsPowerShell\v1.0\;C:\Program Files\MATLAB\R2016b\runtime\win64;C:\Program Files\MATLAB\R2016b\bin;C:\Program Files\Microsoft SQL Server\130\Tools\Binn\;C:\Program Files\dotnet\;C:\Users\Nadina\AppData\Local\Microsoft\WindowsApps;;C:\WINDOWS\system32;
USERNAME=Nadina
OS=Windows_NT
PROCESSOR_IDENTIFIER=Intel64 Family 6 Model 158 Stepping 9, GenuineIntel



---------------  S Y S T E M  ---------------

OS: Windows 10.0 , 64 bit Build 15063 (10.0.15063.296)

CPU:total 8 (initial active 8) (4 cores per cpu, 2 threads per core) family 6 model 158 stepping 9, cmov, cx8, fxsr, mmx, sse, sse2, sse3, ssse3, sse4.1, sse4.2, popcnt, avx, avx2, aes, clmul, erms, 3dnowpref, lzcnt, ht, tsc, tscinvbit, bmi1, bmi2, adx

Memory: 4k page, physical 33368068k(17229984k free), swap 38348804k(18838628k free)

vm_info: Java HotSpot(TM) 64-Bit Server VM (25.131-b11) for windows-amd64 JRE (1.8.0_131-b11), built on Mar 15 2017 01:23:53 by "java_re" with MS VC++ 10.0 (VS2010)

time: Wed Sep 20 23:52:12 2017
elapsed time: 41 seconds (0d 0h 0m 41s)

